running egg_info
creating ../build/ised7881_hw2/ised7881_hw2.egg-info
writing ../build/ised7881_hw2/ised7881_hw2.egg-info/PKG-INFO
writing dependency_links to ../build/ised7881_hw2/ised7881_hw2.egg-info/dependency_links.txt
writing entry points to ../build/ised7881_hw2/ised7881_hw2.egg-info/entry_points.txt
writing requirements to ../build/ised7881_hw2/ised7881_hw2.egg-info/requires.txt
writing top-level names to ../build/ised7881_hw2/ised7881_hw2.egg-info/top_level.txt
writing manifest file '../build/ised7881_hw2/ised7881_hw2.egg-info/SOURCES.txt'
reading manifest file '../build/ised7881_hw2/ised7881_hw2.egg-info/SOURCES.txt'
writing manifest file '../build/ised7881_hw2/ised7881_hw2.egg-info/SOURCES.txt'
running build
running build_py
creating /home/isaac/Documents/ROBO_5302/build/ised7881_hw2/build
creating /home/isaac/Documents/ROBO_5302/build/ised7881_hw2/build/lib
creating /home/isaac/Documents/ROBO_5302/build/ised7881_hw2/build/lib/ised7881_hw2
copying ised7881_hw2/service_client.py -> /home/isaac/Documents/ROBO_5302/build/ised7881_hw2/build/lib/ised7881_hw2
copying ised7881_hw2/service_server.py -> /home/isaac/Documents/ROBO_5302/build/ised7881_hw2/build/lib/ised7881_hw2
copying ised7881_hw2/__init__.py -> /home/isaac/Documents/ROBO_5302/build/ised7881_hw2/build/lib/ised7881_hw2
running install
running install_lib
creating /home/isaac/Documents/ROBO_5302/install/ised7881_hw2/lib/python3.10/site-packages/ised7881_hw2
copying /home/isaac/Documents/ROBO_5302/build/ised7881_hw2/build/lib/ised7881_hw2/service_client.py -> /home/isaac/Documents/ROBO_5302/install/ised7881_hw2/lib/python3.10/site-packages/ised7881_hw2
copying /home/isaac/Documents/ROBO_5302/build/ised7881_hw2/build/lib/ised7881_hw2/service_server.py -> /home/isaac/Documents/ROBO_5302/install/ised7881_hw2/lib/python3.10/site-packages/ised7881_hw2
copying /home/isaac/Documents/ROBO_5302/build/ised7881_hw2/build/lib/ised7881_hw2/__init__.py -> /home/isaac/Documents/ROBO_5302/install/ised7881_hw2/lib/python3.10/site-packages/ised7881_hw2
byte-compiling /home/isaac/Documents/ROBO_5302/install/ised7881_hw2/lib/python3.10/site-packages/ised7881_hw2/service_client.py to service_client.cpython-310.pyc
byte-compiling /home/isaac/Documents/ROBO_5302/install/ised7881_hw2/lib/python3.10/site-packages/ised7881_hw2/service_server.py to service_server.cpython-310.pyc
byte-compiling /home/isaac/Documents/ROBO_5302/install/ised7881_hw2/lib/python3.10/site-packages/ised7881_hw2/__init__.py to __init__.cpython-310.pyc
running install_data
creating /home/isaac/Documents/ROBO_5302/install/ised7881_hw2/share/ament_index
creating /home/isaac/Documents/ROBO_5302/install/ised7881_hw2/share/ament_index/resource_index
creating /home/isaac/Documents/ROBO_5302/install/ised7881_hw2/share/ament_index/resource_index/packages
copying resource/ised7881_hw2 -> /home/isaac/Documents/ROBO_5302/install/ised7881_hw2/share/ament_index/resource_index/packages
copying package.xml -> /home/isaac/Documents/ROBO_5302/install/ised7881_hw2/share/ised7881_hw2
running install_egg_info
Copying ../build/ised7881_hw2/ised7881_hw2.egg-info to /home/isaac/Documents/ROBO_5302/install/ised7881_hw2/lib/python3.10/site-packages/ised7881_hw2-0.0.0-py3.10.egg-info
running install_scripts
Installing service_client script to /home/isaac/Documents/ROBO_5302/install/ised7881_hw2/lib/ised7881_hw2
Installing service_server script to /home/isaac/Documents/ROBO_5302/install/ised7881_hw2/lib/ised7881_hw2
writing list of installed files to '/home/isaac/Documents/ROBO_5302/build/ised7881_hw2/install.log'
