[0.412s] Invoking command in '/home/isaac/Documents/ROBO_5302/ised7881_hw2': PYTHONPATH=/home/isaac/Documents/ROBO_5302/build/ised7881_hw2/prefix_override:/usr/lib/python3/dist-packages/colcon_core/task/python/colcon_distutils_commands:/home/isaac/Documents/ROBO_5302/install/ised7881_hw2/lib/python3.10/site-packages:${PYTHONPATH} /usr/bin/python3 -W ignore:setup.py install is deprecated -W ignore:easy_install command is deprecated setup.py egg_info --egg-base ../build/ised7881_hw2 build --build-base /home/isaac/Documents/ROBO_5302/build/ised7881_hw2/build install --record /home/isaac/Documents/ROBO_5302/build/ised7881_hw2/install.log --single-version-externally-managed install_data
[0.540s] running egg_info
[0.541s] creating ../build/ised7881_hw2/ised7881_hw2.egg-info
[0.541s] writing ../build/ised7881_hw2/ised7881_hw2.egg-info/PKG-INFO
[0.541s] writing dependency_links to ../build/ised7881_hw2/ised7881_hw2.egg-info/dependency_links.txt
[0.541s] writing entry points to ../build/ised7881_hw2/ised7881_hw2.egg-info/entry_points.txt
[0.541s] writing requirements to ../build/ised7881_hw2/ised7881_hw2.egg-info/requires.txt
[0.541s] writing top-level names to ../build/ised7881_hw2/ised7881_hw2.egg-info/top_level.txt
[0.541s] writing manifest file '../build/ised7881_hw2/ised7881_hw2.egg-info/SOURCES.txt'
[0.541s] reading manifest file '../build/ised7881_hw2/ised7881_hw2.egg-info/SOURCES.txt'
[0.541s] writing manifest file '../build/ised7881_hw2/ised7881_hw2.egg-info/SOURCES.txt'
[0.541s] running build
[0.541s] running build_py
[0.541s] creating /home/isaac/Documents/ROBO_5302/build/ised7881_hw2/build
[0.541s] creating /home/isaac/Documents/ROBO_5302/build/ised7881_hw2/build/lib
[0.541s] creating /home/isaac/Documents/ROBO_5302/build/ised7881_hw2/build/lib/ised7881_hw2
[0.541s] copying ised7881_hw2/time_subscriber.py -> /home/isaac/Documents/ROBO_5302/build/ised7881_hw2/build/lib/ised7881_hw2
[0.542s] copying ised7881_hw2/service_client.py -> /home/isaac/Documents/ROBO_5302/build/ised7881_hw2/build/lib/ised7881_hw2
[0.542s] copying ised7881_hw2/service_server.py -> /home/isaac/Documents/ROBO_5302/build/ised7881_hw2/build/lib/ised7881_hw2
[0.542s] copying ised7881_hw2/__init__.py -> /home/isaac/Documents/ROBO_5302/build/ised7881_hw2/build/lib/ised7881_hw2
[0.542s] copying ised7881_hw2/time_publisher.py -> /home/isaac/Documents/ROBO_5302/build/ised7881_hw2/build/lib/ised7881_hw2
[0.542s] running install
[0.542s] running install_lib
[0.542s] creating /home/isaac/Documents/ROBO_5302/install/ised7881_hw2/lib/python3.10/site-packages/ised7881_hw2
[0.542s] copying /home/isaac/Documents/ROBO_5302/build/ised7881_hw2/build/lib/ised7881_hw2/time_subscriber.py -> /home/isaac/Documents/ROBO_5302/install/ised7881_hw2/lib/python3.10/site-packages/ised7881_hw2
[0.542s] copying /home/isaac/Documents/ROBO_5302/build/ised7881_hw2/build/lib/ised7881_hw2/service_client.py -> /home/isaac/Documents/ROBO_5302/install/ised7881_hw2/lib/python3.10/site-packages/ised7881_hw2
[0.542s] copying /home/isaac/Documents/ROBO_5302/build/ised7881_hw2/build/lib/ised7881_hw2/service_server.py -> /home/isaac/Documents/ROBO_5302/install/ised7881_hw2/lib/python3.10/site-packages/ised7881_hw2
[0.542s] copying /home/isaac/Documents/ROBO_5302/build/ised7881_hw2/build/lib/ised7881_hw2/__init__.py -> /home/isaac/Documents/ROBO_5302/install/ised7881_hw2/lib/python3.10/site-packages/ised7881_hw2
[0.542s] copying /home/isaac/Documents/ROBO_5302/build/ised7881_hw2/build/lib/ised7881_hw2/time_publisher.py -> /home/isaac/Documents/ROBO_5302/install/ised7881_hw2/lib/python3.10/site-packages/ised7881_hw2
[0.542s] byte-compiling /home/isaac/Documents/ROBO_5302/install/ised7881_hw2/lib/python3.10/site-packages/ised7881_hw2/time_subscriber.py to time_subscriber.cpython-310.pyc
[0.542s] byte-compiling /home/isaac/Documents/ROBO_5302/install/ised7881_hw2/lib/python3.10/site-packages/ised7881_hw2/service_client.py to service_client.cpython-310.pyc
[0.543s] byte-compiling /home/isaac/Documents/ROBO_5302/install/ised7881_hw2/lib/python3.10/site-packages/ised7881_hw2/service_server.py to service_server.cpython-310.pyc
[0.543s] byte-compiling /home/isaac/Documents/ROBO_5302/install/ised7881_hw2/lib/python3.10/site-packages/ised7881_hw2/__init__.py to __init__.cpython-310.pyc
[0.543s] byte-compiling /home/isaac/Documents/ROBO_5302/install/ised7881_hw2/lib/python3.10/site-packages/ised7881_hw2/time_publisher.py to time_publisher.cpython-310.pyc
[0.543s] running install_data
[0.543s] creating /home/isaac/Documents/ROBO_5302/install/ised7881_hw2/share/ament_index
[0.543s] creating /home/isaac/Documents/ROBO_5302/install/ised7881_hw2/share/ament_index/resource_index
[0.543s] creating /home/isaac/Documents/ROBO_5302/install/ised7881_hw2/share/ament_index/resource_index/packages
[0.543s] copying resource/ised7881_hw2 -> /home/isaac/Documents/ROBO_5302/install/ised7881_hw2/share/ament_index/resource_index/packages
[0.543s] copying package.xml -> /home/isaac/Documents/ROBO_5302/install/ised7881_hw2/share/ised7881_hw2
[0.543s] running install_egg_info
[0.544s] Copying ../build/ised7881_hw2/ised7881_hw2.egg-info to /home/isaac/Documents/ROBO_5302/install/ised7881_hw2/lib/python3.10/site-packages/ised7881_hw2-0.0.0-py3.10.egg-info
[0.545s] running install_scripts
[0.555s] Installing service_client script to /home/isaac/Documents/ROBO_5302/install/ised7881_hw2/lib/ised7881_hw2
[0.555s] Installing service_server script to /home/isaac/Documents/ROBO_5302/install/ised7881_hw2/lib/ised7881_hw2
[0.555s] Installing time_publisher script to /home/isaac/Documents/ROBO_5302/install/ised7881_hw2/lib/ised7881_hw2
[0.556s] Installing time_subscriber script to /home/isaac/Documents/ROBO_5302/install/ised7881_hw2/lib/ised7881_hw2
[0.556s] writing list of installed files to '/home/isaac/Documents/ROBO_5302/build/ised7881_hw2/install.log'
[0.571s] Invoked command in '/home/isaac/Documents/ROBO_5302/ised7881_hw2' returned '0': PYTHONPATH=/home/isaac/Documents/ROBO_5302/build/ised7881_hw2/prefix_override:/usr/lib/python3/dist-packages/colcon_core/task/python/colcon_distutils_commands:/home/isaac/Documents/ROBO_5302/install/ised7881_hw2/lib/python3.10/site-packages:${PYTHONPATH} /usr/bin/python3 -W ignore:setup.py install is deprecated -W ignore:easy_install command is deprecated setup.py egg_info --egg-base ../build/ised7881_hw2 build --build-base /home/isaac/Documents/ROBO_5302/build/ised7881_hw2/build install --record /home/isaac/Documents/ROBO_5302/build/ised7881_hw2/install.log --single-version-externally-managed install_data
