-- The C compiler identification is GNU 11.4.0
-- The CXX compiler identification is GNU 11.4.0
-- Detecting C compiler ABI info
-- Detecting C compiler ABI info - done
-- Check for working C compiler: /usr/bin/cc - skipped
-- Detecting C compile features
-- Detecting C compile features - done
-- Detecting CXX compiler ABI info
-- Detecting CXX compiler ABI info - done
-- Check for working CXX compiler: /usr/bin/c++ - skipped
-- Detecting CXX compile features
-- Detecting CXX compile features - done
-- Found ament_cmake: 1.3.12 (/opt/ros/humble/share/ament_cmake/cmake)
-- Found Python3: /usr/bin/python3 (found version "3.10.12") found components: Interpreter 
-- Found rosidl_default_generators: 1.2.0 (/opt/ros/humble/share/rosidl_default_generators/cmake)
-- Using all available rosidl_typesupport_c: rosidl_typesupport_fastrtps_c;rosidl_typesupport_introspection_c
-- Found rosidl_adapter: 3.1.7 (/opt/ros/humble/share/rosidl_adapter/cmake)
-- Using all available rosidl_typesupport_cpp: rosidl_typesupport_fastrtps_cpp;rosidl_typesupport_introspection_cpp
-- Found std_msgs: 4.9.0 (/opt/ros/humble/share/std_msgs/cmake)
-- Found ament_cmake_ros: 0.10.0 (/opt/ros/humble/share/ament_cmake_ros/cmake)
-- Using all available rosidl_typesupport_c: rosidl_typesupport_fastrtps_c;rosidl_typesupport_introspection_c
-- Using all available rosidl_typesupport_cpp: rosidl_typesupport_fastrtps_cpp;rosidl_typesupport_introspection_cpp
-- Found PythonInterp: /usr/bin/python3 (found suitable version "3.10.12", minimum required is "3.6") 
-- Found python_cmake_module: 0.10.0 (/opt/ros/humble/share/python_cmake_module/cmake)
-- Found PythonLibs: /usr/lib/aarch64-linux-gnu/libpython3.10.so (found suitable version "3.10.12", minimum required is "3.5") 
-- Using PYTHON_EXECUTABLE: /usr/bin/python3
-- Using PYTHON_INCLUDE_DIRS: /usr/include/python3.10
-- Using PYTHON_LIBRARIES: /usr/lib/aarch64-linux-gnu/libpython3.10.so
-- Found PythonExtra: .so  
-- Found ament_lint_auto: 0.12.14 (/opt/ros/humble/share/ament_lint_auto/cmake)
-- Added test 'lint_cmake' to check CMake code style
-- Added test 'xmllint' to check XML markup files
-- Configuring done
-- Generating done
-- Build files have been written to: /home/isaac/Documents/ROBO_5302/build/ised7881_service
[  3%] [34m[1mGenerating C code for ROS interfaces[0m
[  6%] [34m[1mGenerating C++ code for ROS interfaces[0m
[  6%] Built target ament_cmake_python_copy_ised7881_service
running egg_info
creating ised7881_service.egg-info
writing ised7881_service.egg-info/PKG-INFO
writing dependency_links to ised7881_service.egg-info/dependency_links.txt
writing top-level names to ised7881_service.egg-info/top_level.txt
writing manifest file 'ised7881_service.egg-info/SOURCES.txt'
reading manifest file 'ised7881_service.egg-info/SOURCES.txt'
writing manifest file 'ised7881_service.egg-info/SOURCES.txt'
[  6%] Built target ised7881_service__cpp
[  6%] Built target ament_cmake_python_build_ised7881_service_egg
[  9%] [34m[1mGenerating C++ introspection for ROS interfaces[0m
[ 12%] [34m[1mGenerating C++ type support dispatch for ROS interfaces[0m
[ 16%] [34m[1mGenerating C++ type support for eProsima Fast-RTPS[0m
[ 19%] [32mBuilding C object CMakeFiles/ised7881_service__rosidl_generator_c.dir/rosidl_generator_c/ised7881_service/srv/detail/ised7881_service__functions.c.o[0m
[ 22%] [32m[1mLinking C shared library libised7881_service__rosidl_generator_c.so[0m
[ 22%] Built target ised7881_service__rosidl_generator_c
[ 25%] [32mBuilding CXX object CMakeFiles/ised7881_service__rosidl_typesupport_cpp.dir/rosidl_typesupport_cpp/ised7881_service/srv/ised7881_service__type_support.cpp.o[0m
[ 29%] [34m[1mGenerating C type support for eProsima Fast-RTPS[0m
[ 32%] [32mBuilding CXX object CMakeFiles/ised7881_service__rosidl_typesupport_introspection_cpp.dir/rosidl_typesupport_introspection_cpp/ised7881_service/srv/detail/ised7881_service__type_support.cpp.o[0m
[ 35%] [32mBuilding CXX object CMakeFiles/ised7881_service__rosidl_typesupport_fastrtps_cpp.dir/rosidl_typesupport_fastrtps_cpp/ised7881_service/srv/detail/dds_fastrtps/ised7881_service__type_support.cpp.o[0m
[ 38%] [32m[1mLinking CXX shared library libised7881_service__rosidl_typesupport_cpp.so[0m
[ 41%] [32mBuilding CXX object CMakeFiles/ised7881_service__rosidl_typesupport_fastrtps_c.dir/rosidl_typesupport_fastrtps_c/ised7881_service/srv/detail/ised7881_service__type_support_c.cpp.o[0m
[ 41%] Built target ised7881_service__rosidl_typesupport_cpp
[ 45%] [34m[1mGenerating C introspection for ROS interfaces[0m
[ 48%] [32m[1mLinking CXX shared library libised7881_service__rosidl_typesupport_introspection_cpp.so[0m
[ 51%] [32m[1mLinking CXX shared library libised7881_service__rosidl_typesupport_fastrtps_cpp.so[0m
[ 51%] Built target ised7881_service__rosidl_typesupport_introspection_cpp
[ 54%] [34m[1mGenerating C type support dispatch for ROS interfaces[0m
[ 54%] Built target ised7881_service__rosidl_typesupport_fastrtps_cpp
[ 58%] [32mBuilding C object CMakeFiles/ised7881_service__rosidl_typesupport_introspection_c.dir/rosidl_typesupport_introspection_c/ised7881_service/srv/detail/ised7881_service__type_support.c.o[0m
[ 64%] [32m[1mLinking CXX shared library libised7881_service__rosidl_typesupport_fastrtps_c.so[0m
[ 64%] [32m[1mLinking C shared library libised7881_service__rosidl_typesupport_introspection_c.so[0m
[ 64%] Built target ised7881_service__rosidl_typesupport_introspection_c
[ 64%] Built target ised7881_service__rosidl_typesupport_fastrtps_c
[ 67%] [32mBuilding CXX object CMakeFiles/ised7881_service__rosidl_typesupport_c.dir/rosidl_typesupport_c/ised7881_service/srv/ised7881_service__type_support.cpp.o[0m
[ 70%] [32m[1mLinking CXX shared library libised7881_service__rosidl_typesupport_c.so[0m
[ 70%] Built target ised7881_service__rosidl_typesupport_c
[ 70%] Built target ised7881_service
[ 74%] [34m[1mGenerating Python code for ROS interfaces[0m
[ 74%] Built target ised7881_service__py
[ 77%] [32mBuilding C object CMakeFiles/ised7881_service__rosidl_generator_py.dir/rosidl_generator_py/ised7881_service/srv/_ised7881_service_s.c.o[0m
[ 80%] [32m[1mLinking C shared library rosidl_generator_py/ised7881_service/libised7881_service__rosidl_generator_py.so[0m
[ 80%] Built target ised7881_service__rosidl_generator_py
[ 83%] [32mBuilding C object CMakeFiles/ised7881_service__rosidl_typesupport_introspection_c__pyext.dir/rosidl_generator_py/ised7881_service/_ised7881_service_s.ep.rosidl_typesupport_introspection_c.c.o[0m
[ 87%] [32mBuilding C object CMakeFiles/ised7881_service__rosidl_typesupport_fastrtps_c__pyext.dir/rosidl_generator_py/ised7881_service/_ised7881_service_s.ep.rosidl_typesupport_fastrtps_c.c.o[0m
[ 90%] [32mBuilding C object CMakeFiles/ised7881_service__rosidl_typesupport_c__pyext.dir/rosidl_generator_py/ised7881_service/_ised7881_service_s.ep.rosidl_typesupport_c.c.o[0m
[ 96%] [32m[1mLinking C shared library rosidl_generator_py/ised7881_service/ised7881_service_s__rosidl_typesupport_introspection_c.cpython-310-aarch64-linux-gnu.so[0m
[ 96%] [32m[1mLinking C shared library rosidl_generator_py/ised7881_service/ised7881_service_s__rosidl_typesupport_c.cpython-310-aarch64-linux-gnu.so[0m
[100%] [32m[1mLinking C shared library rosidl_generator_py/ised7881_service/ised7881_service_s__rosidl_typesupport_fastrtps_c.cpython-310-aarch64-linux-gnu.so[0m
[100%] Built target ised7881_service__rosidl_typesupport_c__pyext
[100%] Built target ised7881_service__rosidl_typesupport_introspection_c__pyext
[100%] Built target ised7881_service__rosidl_typesupport_fastrtps_c__pyext
-- Install configuration: ""
-- Installing: /home/isaac/Documents/ROBO_5302/install/ised7881_service/share/ament_index/resource_index/rosidl_interfaces/ised7881_service
-- Installing: /home/isaac/Documents/ROBO_5302/install/ised7881_service/include/ised7881_service/ised7881_service
-- Installing: /home/isaac/Documents/ROBO_5302/install/ised7881_service/include/ised7881_service/ised7881_service/srv
-- Installing: /home/isaac/Documents/ROBO_5302/install/ised7881_service/include/ised7881_service/ised7881_service/srv/ised7881_service.h
-- Installing: /home/isaac/Documents/ROBO_5302/install/ised7881_service/include/ised7881_service/ised7881_service/srv/detail
-- Installing: /home/isaac/Documents/ROBO_5302/install/ised7881_service/include/ised7881_service/ised7881_service/srv/detail/ised7881_service__type_support.h
-- Installing: /home/isaac/Documents/ROBO_5302/install/ised7881_service/include/ised7881_service/ised7881_service/srv/detail/ised7881_service__functions.c
-- Installing: /home/isaac/Documents/ROBO_5302/install/ised7881_service/include/ised7881_service/ised7881_service/srv/detail/ised7881_service__struct.h
-- Installing: /home/isaac/Documents/ROBO_5302/install/ised7881_service/include/ised7881_service/ised7881_service/srv/detail/ised7881_service__functions.h
-- Installing: /home/isaac/Documents/ROBO_5302/install/ised7881_service/include/ised7881_service/ised7881_service/msg
-- Installing: /home/isaac/Documents/ROBO_5302/install/ised7881_service/include/ised7881_service/ised7881_service/msg/rosidl_generator_c__visibility_control.h
-- Installing: /home/isaac/Documents/ROBO_5302/install/ised7881_service/share/ised7881_service/environment/library_path.sh
-- Installing: /home/isaac/Documents/ROBO_5302/install/ised7881_service/share/ised7881_service/environment/library_path.dsv
-- Installing: /home/isaac/Documents/ROBO_5302/install/ised7881_service/lib/libised7881_service__rosidl_generator_c.so
-- Set runtime path of "/home/isaac/Documents/ROBO_5302/install/ised7881_service/lib/libised7881_service__rosidl_generator_c.so" to ""
-- Up-to-date: /home/isaac/Documents/ROBO_5302/install/ised7881_service/include/ised7881_service/ised7881_service
-- Up-to-date: /home/isaac/Documents/ROBO_5302/install/ised7881_service/include/ised7881_service/ised7881_service/srv
-- Up-to-date: /home/isaac/Documents/ROBO_5302/install/ised7881_service/include/ised7881_service/ised7881_service/srv/detail
-- Installing: /home/isaac/Documents/ROBO_5302/install/ised7881_service/include/ised7881_service/ised7881_service/srv/detail/ised7881_service__rosidl_typesupport_fastrtps_c.h
-- Up-to-date: /home/isaac/Documents/ROBO_5302/install/ised7881_service/include/ised7881_service/ised7881_service/msg
-- Installing: /home/isaac/Documents/ROBO_5302/install/ised7881_service/include/ised7881_service/ised7881_service/msg/rosidl_typesupport_fastrtps_c__visibility_control.h
-- Installing: /home/isaac/Documents/ROBO_5302/install/ised7881_service/lib/libised7881_service__rosidl_typesupport_fastrtps_c.so
-- Set runtime path of "/home/isaac/Documents/ROBO_5302/install/ised7881_service/lib/libised7881_service__rosidl_typesupport_fastrtps_c.so" to ""
-- Up-to-date: /home/isaac/Documents/ROBO_5302/install/ised7881_service/include/ised7881_service/ised7881_service
-- Up-to-date: /home/isaac/Documents/ROBO_5302/install/ised7881_service/include/ised7881_service/ised7881_service/srv
-- Up-to-date: /home/isaac/Documents/ROBO_5302/install/ised7881_service/include/ised7881_service/ised7881_service/srv/detail
-- Installing: /home/isaac/Documents/ROBO_5302/install/ised7881_service/include/ised7881_service/ised7881_service/srv/detail/ised7881_service__type_support.c
-- Installing: /home/isaac/Documents/ROBO_5302/install/ised7881_service/include/ised7881_service/ised7881_service/srv/detail/ised7881_service__rosidl_typesupport_introspection_c.h
-- Up-to-date: /home/isaac/Documents/ROBO_5302/install/ised7881_service/include/ised7881_service/ised7881_service/msg
-- Installing: /home/isaac/Documents/ROBO_5302/install/ised7881_service/include/ised7881_service/ised7881_service/msg/rosidl_typesupport_introspection_c__visibility_control.h
-- Installing: /home/isaac/Documents/ROBO_5302/install/ised7881_service/lib/libised7881_service__rosidl_typesupport_introspection_c.so
-- Set runtime path of "/home/isaac/Documents/ROBO_5302/install/ised7881_service/lib/libised7881_service__rosidl_typesupport_introspection_c.so" to ""
-- Installing: /home/isaac/Documents/ROBO_5302/install/ised7881_service/lib/libised7881_service__rosidl_typesupport_c.so
-- Set runtime path of "/home/isaac/Documents/ROBO_5302/install/ised7881_service/lib/libised7881_service__rosidl_typesupport_c.so" to ""
-- Up-to-date: /home/isaac/Documents/ROBO_5302/install/ised7881_service/include/ised7881_service/ised7881_service
-- Up-to-date: /home/isaac/Documents/ROBO_5302/install/ised7881_service/include/ised7881_service/ised7881_service/srv
-- Installing: /home/isaac/Documents/ROBO_5302/install/ised7881_service/include/ised7881_service/ised7881_service/srv/ised7881_service.hpp
-- Up-to-date: /home/isaac/Documents/ROBO_5302/install/ised7881_service/include/ised7881_service/ised7881_service/srv/detail
-- Installing: /home/isaac/Documents/ROBO_5302/install/ised7881_service/include/ised7881_service/ised7881_service/srv/detail/ised7881_service__traits.hpp
-- Installing: /home/isaac/Documents/ROBO_5302/install/ised7881_service/include/ised7881_service/ised7881_service/srv/detail/ised7881_service__builder.hpp
-- Installing: /home/isaac/Documents/ROBO_5302/install/ised7881_service/include/ised7881_service/ised7881_service/srv/detail/ised7881_service__struct.hpp
-- Installing: /home/isaac/Documents/ROBO_5302/install/ised7881_service/include/ised7881_service/ised7881_service/srv/detail/ised7881_service__type_support.hpp
-- Up-to-date: /home/isaac/Documents/ROBO_5302/install/ised7881_service/include/ised7881_service/ised7881_service/msg
-- Installing: /home/isaac/Documents/ROBO_5302/install/ised7881_service/include/ised7881_service/ised7881_service/msg/rosidl_generator_cpp__visibility_control.hpp
-- Up-to-date: /home/isaac/Documents/ROBO_5302/install/ised7881_service/include/ised7881_service/ised7881_service
-- Up-to-date: /home/isaac/Documents/ROBO_5302/install/ised7881_service/include/ised7881_service/ised7881_service/srv
-- Up-to-date: /home/isaac/Documents/ROBO_5302/install/ised7881_service/include/ised7881_service/ised7881_service/srv/detail
-- Installing: /home/isaac/Documents/ROBO_5302/install/ised7881_service/include/ised7881_service/ised7881_service/srv/detail/ised7881_service__rosidl_typesupport_fastrtps_cpp.hpp
-- Installing: /home/isaac/Documents/ROBO_5302/install/ised7881_service/include/ised7881_service/ised7881_service/srv/detail/dds_fastrtps
-- Up-to-date: /home/isaac/Documents/ROBO_5302/install/ised7881_service/include/ised7881_service/ised7881_service/msg
-- Installing: /home/isaac/Documents/ROBO_5302/install/ised7881_service/include/ised7881_service/ised7881_service/msg/rosidl_typesupport_fastrtps_cpp__visibility_control.h
-- Installing: /home/isaac/Documents/ROBO_5302/install/ised7881_service/lib/libised7881_service__rosidl_typesupport_fastrtps_cpp.so
-- Set runtime path of "/home/isaac/Documents/ROBO_5302/install/ised7881_service/lib/libised7881_service__rosidl_typesupport_fastrtps_cpp.so" to ""
-- Up-to-date: /home/isaac/Documents/ROBO_5302/install/ised7881_service/include/ised7881_service/ised7881_service
-- Up-to-date: /home/isaac/Documents/ROBO_5302/install/ised7881_service/include/ised7881_service/ised7881_service/srv
-- Up-to-date: /home/isaac/Documents/ROBO_5302/install/ised7881_service/include/ised7881_service/ised7881_service/srv/detail
-- Installing: /home/isaac/Documents/ROBO_5302/install/ised7881_service/include/ised7881_service/ised7881_service/srv/detail/ised7881_service__rosidl_typesupport_introspection_cpp.hpp
-- Installing: /home/isaac/Documents/ROBO_5302/install/ised7881_service/include/ised7881_service/ised7881_service/srv/detail/ised7881_service__type_support.cpp
-- Installing: /home/isaac/Documents/ROBO_5302/install/ised7881_service/lib/libised7881_service__rosidl_typesupport_introspection_cpp.so
-- Set runtime path of "/home/isaac/Documents/ROBO_5302/install/ised7881_service/lib/libised7881_service__rosidl_typesupport_introspection_cpp.so" to ""
-- Installing: /home/isaac/Documents/ROBO_5302/install/ised7881_service/lib/libised7881_service__rosidl_typesupport_cpp.so
-- Set runtime path of "/home/isaac/Documents/ROBO_5302/install/ised7881_service/lib/libised7881_service__rosidl_typesupport_cpp.so" to ""
-- Installing: /home/isaac/Documents/ROBO_5302/install/ised7881_service/share/ised7881_service/environment/pythonpath.sh
-- Installing: /home/isaac/Documents/ROBO_5302/install/ised7881_service/share/ised7881_service/environment/pythonpath.dsv
-- Installing: /home/isaac/Documents/ROBO_5302/install/ised7881_service/local/lib/python3.10/dist-packages/ised7881_service-0.0.0-py3.10.egg-info
-- Installing: /home/isaac/Documents/ROBO_5302/install/ised7881_service/local/lib/python3.10/dist-packages/ised7881_service-0.0.0-py3.10.egg-info/SOURCES.txt
-- Installing: /home/isaac/Documents/ROBO_5302/install/ised7881_service/local/lib/python3.10/dist-packages/ised7881_service-0.0.0-py3.10.egg-info/dependency_links.txt
-- Installing: /home/isaac/Documents/ROBO_5302/install/ised7881_service/local/lib/python3.10/dist-packages/ised7881_service-0.0.0-py3.10.egg-info/PKG-INFO
-- Installing: /home/isaac/Documents/ROBO_5302/install/ised7881_service/local/lib/python3.10/dist-packages/ised7881_service-0.0.0-py3.10.egg-info/top_level.txt
-- Installing: /home/isaac/Documents/ROBO_5302/install/ised7881_service/local/lib/python3.10/dist-packages/ised7881_service
-- Installing: /home/isaac/Documents/ROBO_5302/install/ised7881_service/local/lib/python3.10/dist-packages/ised7881_service/_ised7881_service_s.ep.rosidl_typesupport_fastrtps_c.c
-- Installing: /home/isaac/Documents/ROBO_5302/install/ised7881_service/local/lib/python3.10/dist-packages/ised7881_service/ised7881_service_s__rosidl_typesupport_fastrtps_c.cpython-310-aarch64-linux-gnu.so
-- Installing: /home/isaac/Documents/ROBO_5302/install/ised7881_service/local/lib/python3.10/dist-packages/ised7881_service/_ised7881_service_s.ep.rosidl_typesupport_c.c
-- Installing: /home/isaac/Documents/ROBO_5302/install/ised7881_service/local/lib/python3.10/dist-packages/ised7881_service/__init__.py
-- Installing: /home/isaac/Documents/ROBO_5302/install/ised7881_service/local/lib/python3.10/dist-packages/ised7881_service/ised7881_service_s__rosidl_typesupport_introspection_c.cpython-310-aarch64-linux-gnu.so
-- Installing: /home/isaac/Documents/ROBO_5302/install/ised7881_service/local/lib/python3.10/dist-packages/ised7881_service/srv
-- Installing: /home/isaac/Documents/ROBO_5302/install/ised7881_service/local/lib/python3.10/dist-packages/ised7881_service/srv/_ised7881_service.py
-- Installing: /home/isaac/Documents/ROBO_5302/install/ised7881_service/local/lib/python3.10/dist-packages/ised7881_service/srv/__init__.py
-- Installing: /home/isaac/Documents/ROBO_5302/install/ised7881_service/local/lib/python3.10/dist-packages/ised7881_service/srv/_ised7881_service_s.c
-- Installing: /home/isaac/Documents/ROBO_5302/install/ised7881_service/local/lib/python3.10/dist-packages/ised7881_service/_ised7881_service_s.ep.rosidl_typesupport_introspection_c.c
-- Installing: /home/isaac/Documents/ROBO_5302/install/ised7881_service/local/lib/python3.10/dist-packages/ised7881_service/ised7881_service_s__rosidl_typesupport_c.cpython-310-aarch64-linux-gnu.so
-- Installing: /home/isaac/Documents/ROBO_5302/install/ised7881_service/local/lib/python3.10/dist-packages/ised7881_service/libised7881_service__rosidl_generator_py.so
Listing '/home/isaac/Documents/ROBO_5302/install/ised7881_service/local/lib/python3.10/dist-packages/ised7881_service'...
Compiling '/home/isaac/Documents/ROBO_5302/install/ised7881_service/local/lib/python3.10/dist-packages/ised7881_service/__init__.py'...
Listing '/home/isaac/Documents/ROBO_5302/install/ised7881_service/local/lib/python3.10/dist-packages/ised7881_service/srv'...
Compiling '/home/isaac/Documents/ROBO_5302/install/ised7881_service/local/lib/python3.10/dist-packages/ised7881_service/srv/__init__.py'...
Compiling '/home/isaac/Documents/ROBO_5302/install/ised7881_service/local/lib/python3.10/dist-packages/ised7881_service/srv/_ised7881_service.py'...
-- Installing: /home/isaac/Documents/ROBO_5302/install/ised7881_service/local/lib/python3.10/dist-packages/ised7881_service/ised7881_service_s__rosidl_typesupport_fastrtps_c.cpython-310-aarch64-linux-gnu.so
-- Set runtime path of "/home/isaac/Documents/ROBO_5302/install/ised7881_service/local/lib/python3.10/dist-packages/ised7881_service/ised7881_service_s__rosidl_typesupport_fastrtps_c.cpython-310-aarch64-linux-gnu.so" to ""
-- Installing: /home/isaac/Documents/ROBO_5302/install/ised7881_service/local/lib/python3.10/dist-packages/ised7881_service/ised7881_service_s__rosidl_typesupport_introspection_c.cpython-310-aarch64-linux-gnu.so
-- Set runtime path of "/home/isaac/Documents/ROBO_5302/install/ised7881_service/local/lib/python3.10/dist-packages/ised7881_service/ised7881_service_s__rosidl_typesupport_introspection_c.cpython-310-aarch64-linux-gnu.so" to ""
-- Installing: /home/isaac/Documents/ROBO_5302/install/ised7881_service/local/lib/python3.10/dist-packages/ised7881_service/ised7881_service_s__rosidl_typesupport_c.cpython-310-aarch64-linux-gnu.so
-- Set runtime path of "/home/isaac/Documents/ROBO_5302/install/ised7881_service/local/lib/python3.10/dist-packages/ised7881_service/ised7881_service_s__rosidl_typesupport_c.cpython-310-aarch64-linux-gnu.so" to ""
-- Installing: /home/isaac/Documents/ROBO_5302/install/ised7881_service/lib/libised7881_service__rosidl_generator_py.so
-- Set runtime path of "/home/isaac/Documents/ROBO_5302/install/ised7881_service/lib/libised7881_service__rosidl_generator_py.so" to ""
-- Installing: /home/isaac/Documents/ROBO_5302/install/ised7881_service/share/ised7881_service/srv/Ised7881Service.idl
-- Installing: /home/isaac/Documents/ROBO_5302/install/ised7881_service/share/ised7881_service/src/Ised7881Service.srv
-- Installing: /home/isaac/Documents/ROBO_5302/install/ised7881_service/share/ised7881_service/src/Ised7881Service_Request.msg
-- Installing: /home/isaac/Documents/ROBO_5302/install/ised7881_service/share/ised7881_service/src/Ised7881Service_Response.msg
-- Installing: /home/isaac/Documents/ROBO_5302/install/ised7881_service/share/ament_index/resource_index/package_run_dependencies/ised7881_service
-- Installing: /home/isaac/Documents/ROBO_5302/install/ised7881_service/share/ament_index/resource_index/parent_prefix_path/ised7881_service
-- Installing: /home/isaac/Documents/ROBO_5302/install/ised7881_service/share/ised7881_service/environment/ament_prefix_path.sh
-- Installing: /home/isaac/Documents/ROBO_5302/install/ised7881_service/share/ised7881_service/environment/ament_prefix_path.dsv
-- Installing: /home/isaac/Documents/ROBO_5302/install/ised7881_service/share/ised7881_service/environment/path.sh
-- Installing: /home/isaac/Documents/ROBO_5302/install/ised7881_service/share/ised7881_service/environment/path.dsv
-- Installing: /home/isaac/Documents/ROBO_5302/install/ised7881_service/share/ised7881_service/local_setup.bash
-- Installing: /home/isaac/Documents/ROBO_5302/install/ised7881_service/share/ised7881_service/local_setup.sh
-- Installing: /home/isaac/Documents/ROBO_5302/install/ised7881_service/share/ised7881_service/local_setup.zsh
-- Installing: /home/isaac/Documents/ROBO_5302/install/ised7881_service/share/ised7881_service/local_setup.dsv
-- Installing: /home/isaac/Documents/ROBO_5302/install/ised7881_service/share/ised7881_service/package.dsv
-- Installing: /home/isaac/Documents/ROBO_5302/install/ised7881_service/share/ament_index/resource_index/packages/ised7881_service
-- Installing: /home/isaac/Documents/ROBO_5302/install/ised7881_service/share/ised7881_service/cmake/export_ised7881_service__rosidl_generator_cExport.cmake
-- Installing: /home/isaac/Documents/ROBO_5302/install/ised7881_service/share/ised7881_service/cmake/export_ised7881_service__rosidl_generator_cExport-noconfig.cmake
-- Installing: /home/isaac/Documents/ROBO_5302/install/ised7881_service/share/ised7881_service/cmake/export_ised7881_service__rosidl_typesupport_fastrtps_cExport.cmake
-- Installing: /home/isaac/Documents/ROBO_5302/install/ised7881_service/share/ised7881_service/cmake/export_ised7881_service__rosidl_typesupport_fastrtps_cExport-noconfig.cmake
-- Installing: /home/isaac/Documents/ROBO_5302/install/ised7881_service/share/ised7881_service/cmake/ised7881_service__rosidl_typesupport_introspection_cExport.cmake
-- Installing: /home/isaac/Documents/ROBO_5302/install/ised7881_service/share/ised7881_service/cmake/ised7881_service__rosidl_typesupport_introspection_cExport-noconfig.cmake
-- Installing: /home/isaac/Documents/ROBO_5302/install/ised7881_service/share/ised7881_service/cmake/ised7881_service__rosidl_typesupport_cExport.cmake
-- Installing: /home/isaac/Documents/ROBO_5302/install/ised7881_service/share/ised7881_service/cmake/ised7881_service__rosidl_typesupport_cExport-noconfig.cmake
-- Installing: /home/isaac/Documents/ROBO_5302/install/ised7881_service/share/ised7881_service/cmake/export_ised7881_service__rosidl_generator_cppExport.cmake
-- Installing: /home/isaac/Documents/ROBO_5302/install/ised7881_service/share/ised7881_service/cmake/export_ised7881_service__rosidl_typesupport_fastrtps_cppExport.cmake
-- Installing: /home/isaac/Documents/ROBO_5302/install/ised7881_service/share/ised7881_service/cmake/export_ised7881_service__rosidl_typesupport_fastrtps_cppExport-noconfig.cmake
-- Installing: /home/isaac/Documents/ROBO_5302/install/ised7881_service/share/ised7881_service/cmake/ised7881_service__rosidl_typesupport_introspection_cppExport.cmake
-- Installing: /home/isaac/Documents/ROBO_5302/install/ised7881_service/share/ised7881_service/cmake/ised7881_service__rosidl_typesupport_introspection_cppExport-noconfig.cmake
-- Installing: /home/isaac/Documents/ROBO_5302/install/ised7881_service/share/ised7881_service/cmake/ised7881_service__rosidl_typesupport_cppExport.cmake
-- Installing: /home/isaac/Documents/ROBO_5302/install/ised7881_service/share/ised7881_service/cmake/ised7881_service__rosidl_typesupport_cppExport-noconfig.cmake
-- Installing: /home/isaac/Documents/ROBO_5302/install/ised7881_service/share/ised7881_service/cmake/export_ised7881_service__rosidl_generator_pyExport.cmake
-- Installing: /home/isaac/Documents/ROBO_5302/install/ised7881_service/share/ised7881_service/cmake/export_ised7881_service__rosidl_generator_pyExport-noconfig.cmake
-- Installing: /home/isaac/Documents/ROBO_5302/install/ised7881_service/share/ised7881_service/cmake/rosidl_cmake-extras.cmake
-- Installing: /home/isaac/Documents/ROBO_5302/install/ised7881_service/share/ised7881_service/cmake/ament_cmake_export_dependencies-extras.cmake
-- Installing: /home/isaac/Documents/ROBO_5302/install/ised7881_service/share/ised7881_service/cmake/ament_cmake_export_include_directories-extras.cmake
-- Installing: /home/isaac/Documents/ROBO_5302/install/ised7881_service/share/ised7881_service/cmake/ament_cmake_export_libraries-extras.cmake
-- Installing: /home/isaac/Documents/ROBO_5302/install/ised7881_service/share/ised7881_service/cmake/ament_cmake_export_targets-extras.cmake
-- Installing: /home/isaac/Documents/ROBO_5302/install/ised7881_service/share/ised7881_service/cmake/rosidl_cmake_export_typesupport_targets-extras.cmake
-- Installing: /home/isaac/Documents/ROBO_5302/install/ised7881_service/share/ised7881_service/cmake/rosidl_cmake_export_typesupport_libraries-extras.cmake
-- Installing: /home/isaac/Documents/ROBO_5302/install/ised7881_service/share/ised7881_service/cmake/ised7881_serviceConfig.cmake
-- Installing: /home/isaac/Documents/ROBO_5302/install/ised7881_service/share/ised7881_service/cmake/ised7881_serviceConfig-version.cmake
-- Installing: /home/isaac/Documents/ROBO_5302/install/ised7881_service/share/ised7881_service/package.xml
