[0.138s] Invoking command in '/home/isaac/Documents/ROBO_5302/build/ised7881_service': CMAKE_PREFIX_PATH=${CMAKE_PREFIX_PATH}:/home/isaac/Documents/ROBO_5302/install/ised7881_hw2:/opt/ros/humble /usr/bin/cmake /home/isaac/Documents/ROBO_5302/ised7881_service -DCMAKE_INSTALL_PREFIX=/home/isaac/Documents/ROBO_5302/install/ised7881_service
[0.241s] -- The C compiler identification is GNU 11.4.0
[0.319s] -- The CXX compiler identification is GNU 11.4.0
[0.329s] -- Detecting C compiler ABI info
[0.389s] -- Detecting C compiler ABI info - done
[0.390s] -- Check for working C compiler: /usr/bin/cc - skipped
[0.390s] -- Detecting C compile features
[0.393s] -- Detecting C compile features - done
[0.395s] -- Detecting CXX compiler ABI info
[0.464s] -- Detecting CXX compiler ABI info - done
[0.470s] -- Check for working CXX compiler: /usr/bin/c++ - skipped
[0.470s] -- Detecting CXX compile features
[0.470s] -- Detecting CXX compile features - done
[0.480s] -- Found ament_cmake: 1.3.12 (/opt/ros/humble/share/ament_cmake/cmake)
[0.571s] -- Found Python3: /usr/bin/python3 (found version "3.10.12") found components: Interpreter 
[0.643s] -- Found rosidl_default_generators: 1.2.0 (/opt/ros/humble/share/rosidl_default_generators/cmake)
[0.645s] -- Using all available rosidl_typesupport_c: rosidl_typesupport_fastrtps_c;rosidl_typesupport_introspection_c
[0.649s] -- Found rosidl_adapter: 3.1.7 (/opt/ros/humble/share/rosidl_adapter/cmake)
[0.679s] -- Using all available rosidl_typesupport_cpp: rosidl_typesupport_fastrtps_cpp;rosidl_typesupport_introspection_cpp
[0.698s] -- Found std_msgs: 4.9.0 (/opt/ros/humble/share/std_msgs/cmake)
[0.857s] -- Found ament_cmake_ros: 0.10.0 (/opt/ros/humble/share/ament_cmake_ros/cmake)
[0.964s] -- Using all available rosidl_typesupport_c: rosidl_typesupport_fastrtps_c;rosidl_typesupport_introspection_c
[1.101s] -- Using all available rosidl_typesupport_cpp: rosidl_typesupport_fastrtps_cpp;rosidl_typesupport_introspection_cpp
[1.116s] -- Found PythonInterp: /usr/bin/python3 (found suitable version "3.10.12", minimum required is "3.6") 
[1.118s] -- Found python_cmake_module: 0.10.0 (/opt/ros/humble/share/python_cmake_module/cmake)
[1.134s] -- Found PythonLibs: /usr/lib/aarch64-linux-gnu/libpython3.10.so (found suitable version "3.10.12", minimum required is "3.5") 
[1.134s] -- Using PYTHON_EXECUTABLE: /usr/bin/python3
[1.134s] -- Using PYTHON_INCLUDE_DIRS: /usr/include/python3.10
[1.134s] -- Using PYTHON_LIBRARIES: /usr/lib/aarch64-linux-gnu/libpython3.10.so
[1.148s] -- Found PythonExtra: .so  
[1.178s] -- Found ament_lint_auto: 0.12.14 (/opt/ros/humble/share/ament_lint_auto/cmake)
[1.188s] -- Added test 'lint_cmake' to check CMake code style
[1.188s] -- Added test 'xmllint' to check XML markup files
[1.190s] -- Configuring done
[1.207s] -- Generating done
[1.212s] -- Build files have been written to: /home/isaac/Documents/ROBO_5302/build/ised7881_service
[1.218s] Invoked command in '/home/isaac/Documents/ROBO_5302/build/ised7881_service' returned '0': CMAKE_PREFIX_PATH=${CMAKE_PREFIX_PATH}:/home/isaac/Documents/ROBO_5302/install/ised7881_hw2:/opt/ros/humble /usr/bin/cmake /home/isaac/Documents/ROBO_5302/ised7881_service -DCMAKE_INSTALL_PREFIX=/home/isaac/Documents/ROBO_5302/install/ised7881_service
[1.219s] Invoking command in '/home/isaac/Documents/ROBO_5302/build/ised7881_service': CMAKE_PREFIX_PATH=${CMAKE_PREFIX_PATH}:/home/isaac/Documents/ROBO_5302/install/ised7881_hw2:/opt/ros/humble /usr/bin/cmake --build /home/isaac/Documents/ROBO_5302/build/ised7881_service -- -j4 -l4
[1.235s] [  3%] [34m[1mGenerating C code for ROS interfaces[0m
[1.240s] [  6%] [34m[1mGenerating C++ code for ROS interfaces[0m
[1.243s] [  6%] Built target ament_cmake_python_copy_ised7881_service
[1.361s] running egg_info
[1.361s] creating ised7881_service.egg-info
[1.362s] writing ised7881_service.egg-info/PKG-INFO
[1.362s] writing dependency_links to ised7881_service.egg-info/dependency_links.txt
[1.362s] writing top-level names to ised7881_service.egg-info/top_level.txt
[1.362s] writing manifest file 'ised7881_service.egg-info/SOURCES.txt'
[1.363s] reading manifest file 'ised7881_service.egg-info/SOURCES.txt'
[1.363s] writing manifest file 'ised7881_service.egg-info/SOURCES.txt'
[1.410s] [  6%] Built target ised7881_service__cpp
[1.412s] [  6%] Built target ament_cmake_python_build_ised7881_service_egg
[1.425s] [  9%] [34m[1mGenerating C++ introspection for ROS interfaces[0m
[1.429s] [ 12%] [34m[1mGenerating C++ type support dispatch for ROS interfaces[0m
[1.432s] [ 16%] [34m[1mGenerating C++ type support for eProsima Fast-RTPS[0m
[1.453s] [ 19%] [32mBuilding C object CMakeFiles/ised7881_service__rosidl_generator_c.dir/rosidl_generator_c/ised7881_service/srv/detail/ised7881_service__functions.c.o[0m
[1.541s] [ 22%] [32m[1mLinking C shared library libised7881_service__rosidl_generator_c.so[0m
[1.567s] [ 22%] Built target ised7881_service__rosidl_generator_c
[1.571s] [ 25%] [32mBuilding CXX object CMakeFiles/ised7881_service__rosidl_typesupport_cpp.dir/rosidl_typesupport_cpp/ised7881_service/srv/ised7881_service__type_support.cpp.o[0m
[1.575s] [ 29%] [34m[1mGenerating C type support for eProsima Fast-RTPS[0m
[1.579s] [ 32%] [32mBuilding CXX object CMakeFiles/ised7881_service__rosidl_typesupport_introspection_cpp.dir/rosidl_typesupport_introspection_cpp/ised7881_service/srv/detail/ised7881_service__type_support.cpp.o[0m
[1.596s] [ 35%] [32mBuilding CXX object CMakeFiles/ised7881_service__rosidl_typesupport_fastrtps_cpp.dir/rosidl_typesupport_fastrtps_cpp/ised7881_service/srv/detail/dds_fastrtps/ised7881_service__type_support.cpp.o[0m
[1.772s] [ 38%] [32m[1mLinking CXX shared library libised7881_service__rosidl_typesupport_cpp.so[0m
[1.776s] [ 41%] [32mBuilding CXX object CMakeFiles/ised7881_service__rosidl_typesupport_fastrtps_c.dir/rosidl_typesupport_fastrtps_c/ised7881_service/srv/detail/ised7881_service__type_support_c.cpp.o[0m
[1.791s] [ 41%] Built target ised7881_service__rosidl_typesupport_cpp
[1.796s] [ 45%] [34m[1mGenerating C introspection for ROS interfaces[0m
[1.848s] [ 48%] [32m[1mLinking CXX shared library libised7881_service__rosidl_typesupport_introspection_cpp.so[0m
[1.872s] [ 51%] [32m[1mLinking CXX shared library libised7881_service__rosidl_typesupport_fastrtps_cpp.so[0m
[1.880s] [ 51%] Built target ised7881_service__rosidl_typesupport_introspection_cpp
[1.884s] [ 54%] [34m[1mGenerating C type support dispatch for ROS interfaces[0m
[1.914s] [ 54%] Built target ised7881_service__rosidl_typesupport_fastrtps_cpp
[1.943s] [ 58%] [32mBuilding C object CMakeFiles/ised7881_service__rosidl_typesupport_introspection_c.dir/rosidl_typesupport_introspection_c/ised7881_service/srv/detail/ised7881_service__type_support.c.o[0m
[1.964s] [ 64%] [32m[1mLinking CXX shared library libised7881_service__rosidl_typesupport_fastrtps_c.so[0m
[1.964s] [ 64%] [32m[1mLinking C shared library libised7881_service__rosidl_typesupport_introspection_c.so[0m
[1.977s] [ 64%] Built target ised7881_service__rosidl_typesupport_introspection_c
[1.995s] [ 64%] Built target ised7881_service__rosidl_typesupport_fastrtps_c
[2.028s] [ 67%] [32mBuilding CXX object CMakeFiles/ised7881_service__rosidl_typesupport_c.dir/rosidl_typesupport_c/ised7881_service/srv/ised7881_service__type_support.cpp.o[0m
[2.044s] [ 70%] [32m[1mLinking CXX shared library libised7881_service__rosidl_typesupport_c.so[0m
[2.062s] [ 70%] Built target ised7881_service__rosidl_typesupport_c
[2.069s] [ 70%] Built target ised7881_service
[2.076s] [ 74%] [34m[1mGenerating Python code for ROS interfaces[0m
[2.261s] [ 74%] Built target ised7881_service__py
[2.268s] [ 77%] [32mBuilding C object CMakeFiles/ised7881_service__rosidl_generator_py.dir/rosidl_generator_py/ised7881_service/srv/_ised7881_service_s.c.o[0m
[2.341s] [ 80%] [32m[1mLinking C shared library rosidl_generator_py/ised7881_service/libised7881_service__rosidl_generator_py.so[0m
[2.358s] [ 80%] Built target ised7881_service__rosidl_generator_py
[2.366s] [ 83%] [32mBuilding C object CMakeFiles/ised7881_service__rosidl_typesupport_introspection_c__pyext.dir/rosidl_generator_py/ised7881_service/_ised7881_service_s.ep.rosidl_typesupport_introspection_c.c.o[0m
[2.366s] [ 87%] [32mBuilding C object CMakeFiles/ised7881_service__rosidl_typesupport_fastrtps_c__pyext.dir/rosidl_generator_py/ised7881_service/_ised7881_service_s.ep.rosidl_typesupport_fastrtps_c.c.o[0m
[2.367s] [ 90%] [32mBuilding C object CMakeFiles/ised7881_service__rosidl_typesupport_c__pyext.dir/rosidl_generator_py/ised7881_service/_ised7881_service_s.ep.rosidl_typesupport_c.c.o[0m
[2.417s] [ 96%] [32m[1mLinking C shared library rosidl_generator_py/ised7881_service/ised7881_service_s__rosidl_typesupport_introspection_c.cpython-310-aarch64-linux-gnu.so[0m
[2.417s] [ 96%] [32m[1mLinking C shared library rosidl_generator_py/ised7881_service/ised7881_service_s__rosidl_typesupport_c.cpython-310-aarch64-linux-gnu.so[0m
[2.423s] [100%] [32m[1mLinking C shared library rosidl_generator_py/ised7881_service/ised7881_service_s__rosidl_typesupport_fastrtps_c.cpython-310-aarch64-linux-gnu.so[0m
[2.434s] [100%] Built target ised7881_service__rosidl_typesupport_c__pyext
[2.440s] [100%] Built target ised7881_service__rosidl_typesupport_introspection_c__pyext
[2.442s] [100%] Built target ised7881_service__rosidl_typesupport_fastrtps_c__pyext
[2.446s] Invoked command in '/home/isaac/Documents/ROBO_5302/build/ised7881_service' returned '0': CMAKE_PREFIX_PATH=${CMAKE_PREFIX_PATH}:/home/isaac/Documents/ROBO_5302/install/ised7881_hw2:/opt/ros/humble /usr/bin/cmake --build /home/isaac/Documents/ROBO_5302/build/ised7881_service -- -j4 -l4
[2.450s] Invoking command in '/home/isaac/Documents/ROBO_5302/build/ised7881_service': CMAKE_PREFIX_PATH=${CMAKE_PREFIX_PATH}:/home/isaac/Documents/ROBO_5302/install/ised7881_hw2:/opt/ros/humble /usr/bin/cmake --install /home/isaac/Documents/ROBO_5302/build/ised7881_service
[2.453s] -- Install configuration: ""
[2.454s] -- Installing: /home/isaac/Documents/ROBO_5302/install/ised7881_service/share/ament_index/resource_index/rosidl_interfaces/ised7881_service
[2.454s] -- Installing: /home/isaac/Documents/ROBO_5302/install/ised7881_service/include/ised7881_service/ised7881_service
[2.454s] -- Installing: /home/isaac/Documents/ROBO_5302/install/ised7881_service/include/ised7881_service/ised7881_service/srv
[2.454s] -- Installing: /home/isaac/Documents/ROBO_5302/install/ised7881_service/include/ised7881_service/ised7881_service/srv/ised7881_service.h
[2.455s] -- Installing: /home/isaac/Documents/ROBO_5302/install/ised7881_service/include/ised7881_service/ised7881_service/srv/detail
[2.455s] -- Installing: /home/isaac/Documents/ROBO_5302/install/ised7881_service/include/ised7881_service/ised7881_service/srv/detail/ised7881_service__type_support.h
[2.455s] -- Installing: /home/isaac/Documents/ROBO_5302/install/ised7881_service/include/ised7881_service/ised7881_service/srv/detail/ised7881_service__functions.c
[2.455s] -- Installing: /home/isaac/Documents/ROBO_5302/install/ised7881_service/include/ised7881_service/ised7881_service/srv/detail/ised7881_service__struct.h
[2.455s] -- Installing: /home/isaac/Documents/ROBO_5302/install/ised7881_service/include/ised7881_service/ised7881_service/srv/detail/ised7881_service__functions.h
[2.455s] -- Installing: /home/isaac/Documents/ROBO_5302/install/ised7881_service/include/ised7881_service/ised7881_service/msg
[2.455s] -- Installing: /home/isaac/Documents/ROBO_5302/install/ised7881_service/include/ised7881_service/ised7881_service/msg/rosidl_generator_c__visibility_control.h
[2.455s] -- Installing: /home/isaac/Documents/ROBO_5302/install/ised7881_service/share/ised7881_service/environment/library_path.sh
[2.456s] -- Installing: /home/isaac/Documents/ROBO_5302/install/ised7881_service/share/ised7881_service/environment/library_path.dsv
[2.456s] -- Installing: /home/isaac/Documents/ROBO_5302/install/ised7881_service/lib/libised7881_service__rosidl_generator_c.so
[2.456s] -- Set runtime path of "/home/isaac/Documents/ROBO_5302/install/ised7881_service/lib/libised7881_service__rosidl_generator_c.so" to ""
[2.456s] -- Up-to-date: /home/isaac/Documents/ROBO_5302/install/ised7881_service/include/ised7881_service/ised7881_service
[2.456s] -- Up-to-date: /home/isaac/Documents/ROBO_5302/install/ised7881_service/include/ised7881_service/ised7881_service/srv
[2.456s] -- Up-to-date: /home/isaac/Documents/ROBO_5302/install/ised7881_service/include/ised7881_service/ised7881_service/srv/detail
[2.456s] -- Installing: /home/isaac/Documents/ROBO_5302/install/ised7881_service/include/ised7881_service/ised7881_service/srv/detail/ised7881_service__rosidl_typesupport_fastrtps_c.h
[2.456s] -- Up-to-date: /home/isaac/Documents/ROBO_5302/install/ised7881_service/include/ised7881_service/ised7881_service/msg
[2.456s] -- Installing: /home/isaac/Documents/ROBO_5302/install/ised7881_service/include/ised7881_service/ised7881_service/msg/rosidl_typesupport_fastrtps_c__visibility_control.h
[2.456s] -- Installing: /home/isaac/Documents/ROBO_5302/install/ised7881_service/lib/libised7881_service__rosidl_typesupport_fastrtps_c.so
[2.456s] -- Set runtime path of "/home/isaac/Documents/ROBO_5302/install/ised7881_service/lib/libised7881_service__rosidl_typesupport_fastrtps_c.so" to ""
[2.456s] -- Up-to-date: /home/isaac/Documents/ROBO_5302/install/ised7881_service/include/ised7881_service/ised7881_service
[2.456s] -- Up-to-date: /home/isaac/Documents/ROBO_5302/install/ised7881_service/include/ised7881_service/ised7881_service/srv
[2.456s] -- Up-to-date: /home/isaac/Documents/ROBO_5302/install/ised7881_service/include/ised7881_service/ised7881_service/srv/detail
[2.456s] -- Installing: /home/isaac/Documents/ROBO_5302/install/ised7881_service/include/ised7881_service/ised7881_service/srv/detail/ised7881_service__type_support.c
[2.456s] -- Installing: /home/isaac/Documents/ROBO_5302/install/ised7881_service/include/ised7881_service/ised7881_service/srv/detail/ised7881_service__rosidl_typesupport_introspection_c.h
[2.456s] -- Up-to-date: /home/isaac/Documents/ROBO_5302/install/ised7881_service/include/ised7881_service/ised7881_service/msg
[2.456s] -- Installing: /home/isaac/Documents/ROBO_5302/install/ised7881_service/include/ised7881_service/ised7881_service/msg/rosidl_typesupport_introspection_c__visibility_control.h
[2.456s] -- Installing: /home/isaac/Documents/ROBO_5302/install/ised7881_service/lib/libised7881_service__rosidl_typesupport_introspection_c.so
[2.457s] -- Set runtime path of "/home/isaac/Documents/ROBO_5302/install/ised7881_service/lib/libised7881_service__rosidl_typesupport_introspection_c.so" to ""
[2.457s] -- Installing: /home/isaac/Documents/ROBO_5302/install/ised7881_service/lib/libised7881_service__rosidl_typesupport_c.so
[2.457s] -- Set runtime path of "/home/isaac/Documents/ROBO_5302/install/ised7881_service/lib/libised7881_service__rosidl_typesupport_c.so" to ""
[2.457s] -- Up-to-date: /home/isaac/Documents/ROBO_5302/install/ised7881_service/include/ised7881_service/ised7881_service
[2.457s] -- Up-to-date: /home/isaac/Documents/ROBO_5302/install/ised7881_service/include/ised7881_service/ised7881_service/srv
[2.457s] -- Installing: /home/isaac/Documents/ROBO_5302/install/ised7881_service/include/ised7881_service/ised7881_service/srv/ised7881_service.hpp
[2.457s] -- Up-to-date: /home/isaac/Documents/ROBO_5302/install/ised7881_service/include/ised7881_service/ised7881_service/srv/detail
[2.457s] -- Installing: /home/isaac/Documents/ROBO_5302/install/ised7881_service/include/ised7881_service/ised7881_service/srv/detail/ised7881_service__traits.hpp
[2.457s] -- Installing: /home/isaac/Documents/ROBO_5302/install/ised7881_service/include/ised7881_service/ised7881_service/srv/detail/ised7881_service__builder.hpp
[2.457s] -- Installing: /home/isaac/Documents/ROBO_5302/install/ised7881_service/include/ised7881_service/ised7881_service/srv/detail/ised7881_service__struct.hpp
[2.457s] -- Installing: /home/isaac/Documents/ROBO_5302/install/ised7881_service/include/ised7881_service/ised7881_service/srv/detail/ised7881_service__type_support.hpp
[2.457s] -- Up-to-date: /home/isaac/Documents/ROBO_5302/install/ised7881_service/include/ised7881_service/ised7881_service/msg
[2.457s] -- Installing: /home/isaac/Documents/ROBO_5302/install/ised7881_service/include/ised7881_service/ised7881_service/msg/rosidl_generator_cpp__visibility_control.hpp
[2.457s] -- Up-to-date: /home/isaac/Documents/ROBO_5302/install/ised7881_service/include/ised7881_service/ised7881_service
[2.457s] -- Up-to-date: /home/isaac/Documents/ROBO_5302/install/ised7881_service/include/ised7881_service/ised7881_service/srv
[2.457s] -- Up-to-date: /home/isaac/Documents/ROBO_5302/install/ised7881_service/include/ised7881_service/ised7881_service/srv/detail
[2.457s] -- Installing: /home/isaac/Documents/ROBO_5302/install/ised7881_service/include/ised7881_service/ised7881_service/srv/detail/ised7881_service__rosidl_typesupport_fastrtps_cpp.hpp
[2.457s] -- Installing: /home/isaac/Documents/ROBO_5302/install/ised7881_service/include/ised7881_service/ised7881_service/srv/detail/dds_fastrtps
[2.457s] -- Up-to-date: /home/isaac/Documents/ROBO_5302/install/ised7881_service/include/ised7881_service/ised7881_service/msg
[2.457s] -- Installing: /home/isaac/Documents/ROBO_5302/install/ised7881_service/include/ised7881_service/ised7881_service/msg/rosidl_typesupport_fastrtps_cpp__visibility_control.h
[2.457s] -- Installing: /home/isaac/Documents/ROBO_5302/install/ised7881_service/lib/libised7881_service__rosidl_typesupport_fastrtps_cpp.so
[2.457s] -- Set runtime path of "/home/isaac/Documents/ROBO_5302/install/ised7881_service/lib/libised7881_service__rosidl_typesupport_fastrtps_cpp.so" to ""
[2.457s] -- Up-to-date: /home/isaac/Documents/ROBO_5302/install/ised7881_service/include/ised7881_service/ised7881_service
[2.457s] -- Up-to-date: /home/isaac/Documents/ROBO_5302/install/ised7881_service/include/ised7881_service/ised7881_service/srv
[2.458s] -- Up-to-date: /home/isaac/Documents/ROBO_5302/install/ised7881_service/include/ised7881_service/ised7881_service/srv/detail
[2.458s] -- Installing: /home/isaac/Documents/ROBO_5302/install/ised7881_service/include/ised7881_service/ised7881_service/srv/detail/ised7881_service__rosidl_typesupport_introspection_cpp.hpp
[2.458s] -- Installing: /home/isaac/Documents/ROBO_5302/install/ised7881_service/include/ised7881_service/ised7881_service/srv/detail/ised7881_service__type_support.cpp
[2.458s] -- Installing: /home/isaac/Documents/ROBO_5302/install/ised7881_service/lib/libised7881_service__rosidl_typesupport_introspection_cpp.so
[2.458s] -- Set runtime path of "/home/isaac/Documents/ROBO_5302/install/ised7881_service/lib/libised7881_service__rosidl_typesupport_introspection_cpp.so" to ""
[2.458s] -- Installing: /home/isaac/Documents/ROBO_5302/install/ised7881_service/lib/libised7881_service__rosidl_typesupport_cpp.so
[2.458s] -- Set runtime path of "/home/isaac/Documents/ROBO_5302/install/ised7881_service/lib/libised7881_service__rosidl_typesupport_cpp.so" to ""
[2.458s] -- Installing: /home/isaac/Documents/ROBO_5302/install/ised7881_service/share/ised7881_service/environment/pythonpath.sh
[2.458s] -- Installing: /home/isaac/Documents/ROBO_5302/install/ised7881_service/share/ised7881_service/environment/pythonpath.dsv
[2.458s] -- Installing: /home/isaac/Documents/ROBO_5302/install/ised7881_service/local/lib/python3.10/dist-packages/ised7881_service-0.0.0-py3.10.egg-info
[2.458s] -- Installing: /home/isaac/Documents/ROBO_5302/install/ised7881_service/local/lib/python3.10/dist-packages/ised7881_service-0.0.0-py3.10.egg-info/SOURCES.txt
[2.458s] -- Installing: /home/isaac/Documents/ROBO_5302/install/ised7881_service/local/lib/python3.10/dist-packages/ised7881_service-0.0.0-py3.10.egg-info/dependency_links.txt
[2.458s] -- Installing: /home/isaac/Documents/ROBO_5302/install/ised7881_service/local/lib/python3.10/dist-packages/ised7881_service-0.0.0-py3.10.egg-info/PKG-INFO
[2.458s] -- Installing: /home/isaac/Documents/ROBO_5302/install/ised7881_service/local/lib/python3.10/dist-packages/ised7881_service-0.0.0-py3.10.egg-info/top_level.txt
[2.458s] -- Installing: /home/isaac/Documents/ROBO_5302/install/ised7881_service/local/lib/python3.10/dist-packages/ised7881_service
[2.458s] -- Installing: /home/isaac/Documents/ROBO_5302/install/ised7881_service/local/lib/python3.10/dist-packages/ised7881_service/_ised7881_service_s.ep.rosidl_typesupport_fastrtps_c.c
[2.458s] -- Installing: /home/isaac/Documents/ROBO_5302/install/ised7881_service/local/lib/python3.10/dist-packages/ised7881_service/ised7881_service_s__rosidl_typesupport_fastrtps_c.cpython-310-aarch64-linux-gnu.so
[2.458s] -- Installing: /home/isaac/Documents/ROBO_5302/install/ised7881_service/local/lib/python3.10/dist-packages/ised7881_service/_ised7881_service_s.ep.rosidl_typesupport_c.c
[2.459s] -- Installing: /home/isaac/Documents/ROBO_5302/install/ised7881_service/local/lib/python3.10/dist-packages/ised7881_service/__init__.py
[2.459s] -- Installing: /home/isaac/Documents/ROBO_5302/install/ised7881_service/local/lib/python3.10/dist-packages/ised7881_service/ised7881_service_s__rosidl_typesupport_introspection_c.cpython-310-aarch64-linux-gnu.so
[2.459s] -- Installing: /home/isaac/Documents/ROBO_5302/install/ised7881_service/local/lib/python3.10/dist-packages/ised7881_service/srv
[2.459s] -- Installing: /home/isaac/Documents/ROBO_5302/install/ised7881_service/local/lib/python3.10/dist-packages/ised7881_service/srv/_ised7881_service.py
[2.459s] -- Installing: /home/isaac/Documents/ROBO_5302/install/ised7881_service/local/lib/python3.10/dist-packages/ised7881_service/srv/__init__.py
[2.459s] -- Installing: /home/isaac/Documents/ROBO_5302/install/ised7881_service/local/lib/python3.10/dist-packages/ised7881_service/srv/_ised7881_service_s.c
[2.459s] -- Installing: /home/isaac/Documents/ROBO_5302/install/ised7881_service/local/lib/python3.10/dist-packages/ised7881_service/_ised7881_service_s.ep.rosidl_typesupport_introspection_c.c
[2.459s] -- Installing: /home/isaac/Documents/ROBO_5302/install/ised7881_service/local/lib/python3.10/dist-packages/ised7881_service/ised7881_service_s__rosidl_typesupport_c.cpython-310-aarch64-linux-gnu.so
[2.459s] -- Installing: /home/isaac/Documents/ROBO_5302/install/ised7881_service/local/lib/python3.10/dist-packages/ised7881_service/libised7881_service__rosidl_generator_py.so
[2.476s] Listing '/home/isaac/Documents/ROBO_5302/install/ised7881_service/local/lib/python3.10/dist-packages/ised7881_service'...
[2.476s] Compiling '/home/isaac/Documents/ROBO_5302/install/ised7881_service/local/lib/python3.10/dist-packages/ised7881_service/__init__.py'...
[2.476s] Listing '/home/isaac/Documents/ROBO_5302/install/ised7881_service/local/lib/python3.10/dist-packages/ised7881_service/srv'...
[2.476s] Compiling '/home/isaac/Documents/ROBO_5302/install/ised7881_service/local/lib/python3.10/dist-packages/ised7881_service/srv/__init__.py'...
[2.476s] Compiling '/home/isaac/Documents/ROBO_5302/install/ised7881_service/local/lib/python3.10/dist-packages/ised7881_service/srv/_ised7881_service.py'...
[2.478s] -- Installing: /home/isaac/Documents/ROBO_5302/install/ised7881_service/local/lib/python3.10/dist-packages/ised7881_service/ised7881_service_s__rosidl_typesupport_fastrtps_c.cpython-310-aarch64-linux-gnu.so
[2.479s] -- Set runtime path of "/home/isaac/Documents/ROBO_5302/install/ised7881_service/local/lib/python3.10/dist-packages/ised7881_service/ised7881_service_s__rosidl_typesupport_fastrtps_c.cpython-310-aarch64-linux-gnu.so" to ""
[2.479s] -- Installing: /home/isaac/Documents/ROBO_5302/install/ised7881_service/local/lib/python3.10/dist-packages/ised7881_service/ised7881_service_s__rosidl_typesupport_introspection_c.cpython-310-aarch64-linux-gnu.so
[2.479s] -- Set runtime path of "/home/isaac/Documents/ROBO_5302/install/ised7881_service/local/lib/python3.10/dist-packages/ised7881_service/ised7881_service_s__rosidl_typesupport_introspection_c.cpython-310-aarch64-linux-gnu.so" to ""
[2.479s] -- Installing: /home/isaac/Documents/ROBO_5302/install/ised7881_service/local/lib/python3.10/dist-packages/ised7881_service/ised7881_service_s__rosidl_typesupport_c.cpython-310-aarch64-linux-gnu.so
[2.479s] -- Set runtime path of "/home/isaac/Documents/ROBO_5302/install/ised7881_service/local/lib/python3.10/dist-packages/ised7881_service/ised7881_service_s__rosidl_typesupport_c.cpython-310-aarch64-linux-gnu.so" to ""
[2.480s] -- Installing: /home/isaac/Documents/ROBO_5302/install/ised7881_service/lib/libised7881_service__rosidl_generator_py.so
[2.480s] -- Set runtime path of "/home/isaac/Documents/ROBO_5302/install/ised7881_service/lib/libised7881_service__rosidl_generator_py.so" to ""
[2.480s] -- Installing: /home/isaac/Documents/ROBO_5302/install/ised7881_service/share/ised7881_service/srv/Ised7881Service.idl
[2.480s] -- Installing: /home/isaac/Documents/ROBO_5302/install/ised7881_service/share/ised7881_service/src/Ised7881Service.srv
[2.480s] -- Installing: /home/isaac/Documents/ROBO_5302/install/ised7881_service/share/ised7881_service/src/Ised7881Service_Request.msg
[2.480s] -- Installing: /home/isaac/Documents/ROBO_5302/install/ised7881_service/share/ised7881_service/src/Ised7881Service_Response.msg
[2.480s] -- Installing: /home/isaac/Documents/ROBO_5302/install/ised7881_service/share/ament_index/resource_index/package_run_dependencies/ised7881_service
[2.480s] -- Installing: /home/isaac/Documents/ROBO_5302/install/ised7881_service/share/ament_index/resource_index/parent_prefix_path/ised7881_service
[2.480s] -- Installing: /home/isaac/Documents/ROBO_5302/install/ised7881_service/share/ised7881_service/environment/ament_prefix_path.sh
[2.480s] -- Installing: /home/isaac/Documents/ROBO_5302/install/ised7881_service/share/ised7881_service/environment/ament_prefix_path.dsv
[2.480s] -- Installing: /home/isaac/Documents/ROBO_5302/install/ised7881_service/share/ised7881_service/environment/path.sh
[2.480s] -- Installing: /home/isaac/Documents/ROBO_5302/install/ised7881_service/share/ised7881_service/environment/path.dsv
[2.480s] -- Installing: /home/isaac/Documents/ROBO_5302/install/ised7881_service/share/ised7881_service/local_setup.bash
[2.480s] -- Installing: /home/isaac/Documents/ROBO_5302/install/ised7881_service/share/ised7881_service/local_setup.sh
[2.480s] -- Installing: /home/isaac/Documents/ROBO_5302/install/ised7881_service/share/ised7881_service/local_setup.zsh
[2.480s] -- Installing: /home/isaac/Documents/ROBO_5302/install/ised7881_service/share/ised7881_service/local_setup.dsv
[2.480s] -- Installing: /home/isaac/Documents/ROBO_5302/install/ised7881_service/share/ised7881_service/package.dsv
[2.480s] -- Installing: /home/isaac/Documents/ROBO_5302/install/ised7881_service/share/ament_index/resource_index/packages/ised7881_service
[2.480s] -- Installing: /home/isaac/Documents/ROBO_5302/install/ised7881_service/share/ised7881_service/cmake/export_ised7881_service__rosidl_generator_cExport.cmake
[2.480s] -- Installing: /home/isaac/Documents/ROBO_5302/install/ised7881_service/share/ised7881_service/cmake/export_ised7881_service__rosidl_generator_cExport-noconfig.cmake
[2.480s] -- Installing: /home/isaac/Documents/ROBO_5302/install/ised7881_service/share/ised7881_service/cmake/export_ised7881_service__rosidl_typesupport_fastrtps_cExport.cmake
[2.481s] -- Installing: /home/isaac/Documents/ROBO_5302/install/ised7881_service/share/ised7881_service/cmake/export_ised7881_service__rosidl_typesupport_fastrtps_cExport-noconfig.cmake
[2.481s] -- Installing: /home/isaac/Documents/ROBO_5302/install/ised7881_service/share/ised7881_service/cmake/ised7881_service__rosidl_typesupport_introspection_cExport.cmake
[2.481s] -- Installing: /home/isaac/Documents/ROBO_5302/install/ised7881_service/share/ised7881_service/cmake/ised7881_service__rosidl_typesupport_introspection_cExport-noconfig.cmake
[2.481s] -- Installing: /home/isaac/Documents/ROBO_5302/install/ised7881_service/share/ised7881_service/cmake/ised7881_service__rosidl_typesupport_cExport.cmake
[2.481s] -- Installing: /home/isaac/Documents/ROBO_5302/install/ised7881_service/share/ised7881_service/cmake/ised7881_service__rosidl_typesupport_cExport-noconfig.cmake
[2.481s] -- Installing: /home/isaac/Documents/ROBO_5302/install/ised7881_service/share/ised7881_service/cmake/export_ised7881_service__rosidl_generator_cppExport.cmake
[2.481s] -- Installing: /home/isaac/Documents/ROBO_5302/install/ised7881_service/share/ised7881_service/cmake/export_ised7881_service__rosidl_typesupport_fastrtps_cppExport.cmake
[2.481s] -- Installing: /home/isaac/Documents/ROBO_5302/install/ised7881_service/share/ised7881_service/cmake/export_ised7881_service__rosidl_typesupport_fastrtps_cppExport-noconfig.cmake
[2.481s] -- Installing: /home/isaac/Documents/ROBO_5302/install/ised7881_service/share/ised7881_service/cmake/ised7881_service__rosidl_typesupport_introspection_cppExport.cmake
[2.481s] -- Installing: /home/isaac/Documents/ROBO_5302/install/ised7881_service/share/ised7881_service/cmake/ised7881_service__rosidl_typesupport_introspection_cppExport-noconfig.cmake
[2.481s] -- Installing: /home/isaac/Documents/ROBO_5302/install/ised7881_service/share/ised7881_service/cmake/ised7881_service__rosidl_typesupport_cppExport.cmake
[2.481s] -- Installing: /home/isaac/Documents/ROBO_5302/install/ised7881_service/share/ised7881_service/cmake/ised7881_service__rosidl_typesupport_cppExport-noconfig.cmake
[2.481s] -- Installing: /home/isaac/Documents/ROBO_5302/install/ised7881_service/share/ised7881_service/cmake/export_ised7881_service__rosidl_generator_pyExport.cmake
[2.482s] -- Installing: /home/isaac/Documents/ROBO_5302/install/ised7881_service/share/ised7881_service/cmake/export_ised7881_service__rosidl_generator_pyExport-noconfig.cmake
[2.482s] -- Installing: /home/isaac/Documents/ROBO_5302/install/ised7881_service/share/ised7881_service/cmake/rosidl_cmake-extras.cmake
[2.482s] -- Installing: /home/isaac/Documents/ROBO_5302/install/ised7881_service/share/ised7881_service/cmake/ament_cmake_export_dependencies-extras.cmake
[2.482s] -- Installing: /home/isaac/Documents/ROBO_5302/install/ised7881_service/share/ised7881_service/cmake/ament_cmake_export_include_directories-extras.cmake
[2.482s] -- Installing: /home/isaac/Documents/ROBO_5302/install/ised7881_service/share/ised7881_service/cmake/ament_cmake_export_libraries-extras.cmake
[2.482s] -- Installing: /home/isaac/Documents/ROBO_5302/install/ised7881_service/share/ised7881_service/cmake/ament_cmake_export_targets-extras.cmake
[2.482s] -- Installing: /home/isaac/Documents/ROBO_5302/install/ised7881_service/share/ised7881_service/cmake/rosidl_cmake_export_typesupport_targets-extras.cmake
[2.482s] -- Installing: /home/isaac/Documents/ROBO_5302/install/ised7881_service/share/ised7881_service/cmake/rosidl_cmake_export_typesupport_libraries-extras.cmake
[2.482s] -- Installing: /home/isaac/Documents/ROBO_5302/install/ised7881_service/share/ised7881_service/cmake/ised7881_serviceConfig.cmake
[2.482s] -- Installing: /home/isaac/Documents/ROBO_5302/install/ised7881_service/share/ised7881_service/cmake/ised7881_serviceConfig-version.cmake
[2.482s] -- Installing: /home/isaac/Documents/ROBO_5302/install/ised7881_service/share/ised7881_service/package.xml
[2.484s] Invoked command in '/home/isaac/Documents/ROBO_5302/build/ised7881_service' returned '0': CMAKE_PREFIX_PATH=${CMAKE_PREFIX_PATH}:/home/isaac/Documents/ROBO_5302/install/ised7881_hw2:/opt/ros/humble /usr/bin/cmake --install /home/isaac/Documents/ROBO_5302/build/ised7881_service
