[0.055s] DEBUG:colcon:Command line arguments: ['/usr/bin/colcon', 'build']
[0.055s] DEBUG:colcon:Parsed command line arguments: Namespace(log_base=None, log_level=None, verb_name='build', build_base='build', install_base='install', merge_install=False, symlink_install=False, test_result_base=None, continue_on_error=False, executor='parallel', parallel_workers=4, event_handlers=None, ignore_user_meta=False, metas=['./colcon.meta'], base_paths=['.'], packages_ignore=None, packages_ignore_regex=None, paths=None, packages_up_to=None, packages_up_to_regex=None, packages_above=None, packages_above_and_dependencies=None, packages_above_depth=None, packages_select_by_dep=None, packages_skip_by_dep=None, packages_skip_up_to=None, packages_select_build_failed=False, packages_skip_build_finished=False, packages_select_test_failures=False, packages_skip_test_passed=False, packages_select=None, packages_skip=None, packages_select_regex=None, packages_skip_regex=None, packages_start=None, packages_end=None, allow_overriding=[], cmake_args=None, cmake_target=None, cmake_target_skip_unavailable=False, cmake_clean_cache=False, cmake_clean_first=False, cmake_force_configure=False, ament_cmake_args=None, catkin_cmake_args=None, catkin_skip_building_tests=False, verb_parser=<colcon_defaults.argument_parser.defaults.DefaultArgumentsDecorator object at 0xffff7e86cd60>, verb_extension=<colcon_core.verb.build.BuildVerb object at 0xffff7e86c820>, main=<bound method BuildVerb.main of <colcon_core.verb.build.BuildVerb object at 0xffff7e86c820>>)
[0.129s] Level 1:colcon.colcon_core.package_discovery:discover_packages(colcon_meta) check parameters
[0.129s] Level 1:colcon.colcon_core.package_discovery:discover_packages(recursive) check parameters
[0.129s] Level 1:colcon.colcon_core.package_discovery:discover_packages(ignore) check parameters
[0.129s] Level 1:colcon.colcon_core.package_discovery:discover_packages(path) check parameters
[0.129s] Level 1:colcon.colcon_core.package_discovery:discover_packages(colcon_meta) discover
[0.129s] Level 1:colcon.colcon_core.package_discovery:discover_packages(recursive) discover
[0.129s] INFO:colcon.colcon_core.package_discovery:Crawling recursively for packages in '/home/isaac/Documents/ROBO_5302'
[0.129s] Level 1:colcon.colcon_core.package_identification:_identify(.) by extensions ['ignore', 'ignore_ament_install']
[0.129s] Level 1:colcon.colcon_core.package_identification:_identify(.) by extension 'ignore'
[0.129s] Level 1:colcon.colcon_core.package_identification:_identify(.) by extension 'ignore_ament_install'
[0.129s] Level 1:colcon.colcon_core.package_identification:_identify(.) by extensions ['colcon_pkg']
[0.129s] Level 1:colcon.colcon_core.package_identification:_identify(.) by extension 'colcon_pkg'
[0.129s] Level 1:colcon.colcon_core.package_identification:_identify(.) by extensions ['colcon_meta']
[0.129s] Level 1:colcon.colcon_core.package_identification:_identify(.) by extension 'colcon_meta'
[0.129s] Level 1:colcon.colcon_core.package_identification:_identify(.) by extensions ['ros']
[0.129s] Level 1:colcon.colcon_core.package_identification:_identify(.) by extension 'ros'
[0.135s] Level 1:colcon.colcon_core.package_identification:_identify(.) by extensions ['cmake', 'python']
[0.135s] Level 1:colcon.colcon_core.package_identification:_identify(.) by extension 'cmake'
[0.135s] Level 1:colcon.colcon_core.package_identification:_identify(.) by extension 'python'
[0.135s] Level 1:colcon.colcon_core.package_identification:_identify(.) by extensions ['python_setup_py']
[0.135s] Level 1:colcon.colcon_core.package_identification:_identify(.) by extension 'python_setup_py'
[0.135s] Level 1:colcon.colcon_core.package_identification:_identify(build) by extensions ['ignore', 'ignore_ament_install']
[0.135s] Level 1:colcon.colcon_core.package_identification:_identify(build) by extension 'ignore'
[0.135s] Level 1:colcon.colcon_core.package_identification:_identify(build) ignored
[0.135s] Level 1:colcon.colcon_core.package_identification:_identify(install) by extensions ['ignore', 'ignore_ament_install']
[0.135s] Level 1:colcon.colcon_core.package_identification:_identify(install) by extension 'ignore'
[0.135s] Level 1:colcon.colcon_core.package_identification:_identify(install) ignored
[0.135s] Level 1:colcon.colcon_core.package_identification:_identify(ised7881_hw2) by extensions ['ignore', 'ignore_ament_install']
[0.135s] Level 1:colcon.colcon_core.package_identification:_identify(ised7881_hw2) by extension 'ignore'
[0.135s] Level 1:colcon.colcon_core.package_identification:_identify(ised7881_hw2) by extension 'ignore_ament_install'
[0.135s] Level 1:colcon.colcon_core.package_identification:_identify(ised7881_hw2) by extensions ['colcon_pkg']
[0.135s] Level 1:colcon.colcon_core.package_identification:_identify(ised7881_hw2) by extension 'colcon_pkg'
[0.135s] Level 1:colcon.colcon_core.package_identification:_identify(ised7881_hw2) by extensions ['colcon_meta']
[0.135s] Level 1:colcon.colcon_core.package_identification:_identify(ised7881_hw2) by extension 'colcon_meta'
[0.135s] Level 1:colcon.colcon_core.package_identification:_identify(ised7881_hw2) by extensions ['ros']
[0.135s] Level 1:colcon.colcon_core.package_identification:_identify(ised7881_hw2) by extension 'ros'
[0.136s] DEBUG:colcon.colcon_core.package_identification:Package 'ised7881_hw2' with type 'ros.ament_python' and name 'ised7881_hw2'
[0.136s] Level 1:colcon.colcon_core.package_identification:_identify(ised7881_service) by extensions ['ignore', 'ignore_ament_install']
[0.136s] Level 1:colcon.colcon_core.package_identification:_identify(ised7881_service) by extension 'ignore'
[0.136s] Level 1:colcon.colcon_core.package_identification:_identify(ised7881_service) by extension 'ignore_ament_install'
[0.136s] Level 1:colcon.colcon_core.package_identification:_identify(ised7881_service) by extensions ['colcon_pkg']
[0.136s] Level 1:colcon.colcon_core.package_identification:_identify(ised7881_service) by extension 'colcon_pkg'
[0.136s] Level 1:colcon.colcon_core.package_identification:_identify(ised7881_service) by extensions ['colcon_meta']
[0.136s] Level 1:colcon.colcon_core.package_identification:_identify(ised7881_service) by extension 'colcon_meta'
[0.136s] Level 1:colcon.colcon_core.package_identification:_identify(ised7881_service) by extensions ['ros']
[0.136s] Level 1:colcon.colcon_core.package_identification:_identify(ised7881_service) by extension 'ros'
[0.137s] DEBUG:colcon.colcon_core.package_identification:Package 'ised7881_service' with type 'ros.ament_cmake' and name 'ised7881_service'
[0.137s] Level 1:colcon.colcon_core.package_identification:_identify(log) by extensions ['ignore', 'ignore_ament_install']
[0.137s] Level 1:colcon.colcon_core.package_identification:_identify(log) by extension 'ignore'
[0.137s] Level 1:colcon.colcon_core.package_identification:_identify(log) ignored
[0.137s] Level 1:colcon.colcon_core.package_discovery:discover_packages(recursive) using defaults
[0.137s] Level 1:colcon.colcon_core.package_discovery:discover_packages(ignore) discover
[0.137s] Level 1:colcon.colcon_core.package_discovery:discover_packages(ignore) using defaults
[0.137s] Level 1:colcon.colcon_core.package_discovery:discover_packages(path) discover
[0.137s] Level 1:colcon.colcon_core.package_discovery:discover_packages(path) using defaults
[0.151s] Level 1:colcon.colcon_core.package_discovery:discover_packages(prefix_path) check parameters
[0.151s] Level 1:colcon.colcon_core.package_discovery:discover_packages(prefix_path) discover
[0.151s] WARNING:colcon.colcon_ros.prefix_path.ament:The path '/home/isaac/Documents/ROBO_5302/install/ised7881_service' in the environment variable AMENT_PREFIX_PATH doesn't exist
[0.151s] WARNING:colcon.colcon_ros.prefix_path.ament:The path '/home/isaac/Documents/ROBO_5302/install/ised7881_hw2' in the environment variable AMENT_PREFIX_PATH doesn't exist
[0.151s] WARNING:colcon.colcon_ros.prefix_path.catkin:The path '/home/isaac/Documents/ROBO_5302/install/ised7881_service' in the environment variable CMAKE_PREFIX_PATH doesn't exist
[0.152s] DEBUG:colcon.colcon_installed_package_information.package_discovery:Found 0 installed packages in /home/isaac/Documents/ROBO_5302/install
[0.152s] DEBUG:colcon.colcon_installed_package_information.package_discovery:Found 296 installed packages in /opt/ros/humble
[0.153s] Level 1:colcon.colcon_core.package_discovery:discover_packages(prefix_path) using defaults
[0.175s] Level 5:colcon.colcon_core.verb:set package 'ised7881_hw2' build argument 'cmake_args' from command line to 'None'
[0.175s] Level 5:colcon.colcon_core.verb:set package 'ised7881_hw2' build argument 'cmake_target' from command line to 'None'
[0.175s] Level 5:colcon.colcon_core.verb:set package 'ised7881_hw2' build argument 'cmake_target_skip_unavailable' from command line to 'False'
[0.175s] Level 5:colcon.colcon_core.verb:set package 'ised7881_hw2' build argument 'cmake_clean_cache' from command line to 'False'
[0.175s] Level 5:colcon.colcon_core.verb:set package 'ised7881_hw2' build argument 'cmake_clean_first' from command line to 'False'
[0.175s] Level 5:colcon.colcon_core.verb:set package 'ised7881_hw2' build argument 'cmake_force_configure' from command line to 'False'
[0.175s] Level 5:colcon.colcon_core.verb:set package 'ised7881_hw2' build argument 'ament_cmake_args' from command line to 'None'
[0.175s] Level 5:colcon.colcon_core.verb:set package 'ised7881_hw2' build argument 'catkin_cmake_args' from command line to 'None'
[0.175s] Level 5:colcon.colcon_core.verb:set package 'ised7881_hw2' build argument 'catkin_skip_building_tests' from command line to 'False'
[0.175s] DEBUG:colcon.colcon_core.verb:Building package 'ised7881_hw2' with the following arguments: {'ament_cmake_args': None, 'build_base': '/home/isaac/Documents/ROBO_5302/build/ised7881_hw2', 'catkin_cmake_args': None, 'catkin_skip_building_tests': False, 'cmake_args': None, 'cmake_clean_cache': False, 'cmake_clean_first': False, 'cmake_force_configure': False, 'cmake_target': None, 'cmake_target_skip_unavailable': False, 'install_base': '/home/isaac/Documents/ROBO_5302/install/ised7881_hw2', 'merge_install': False, 'path': '/home/isaac/Documents/ROBO_5302/ised7881_hw2', 'symlink_install': False, 'test_result_base': None}
[0.175s] Level 5:colcon.colcon_core.verb:set package 'ised7881_service' build argument 'cmake_args' from command line to 'None'
[0.175s] Level 5:colcon.colcon_core.verb:set package 'ised7881_service' build argument 'cmake_target' from command line to 'None'
[0.175s] Level 5:colcon.colcon_core.verb:set package 'ised7881_service' build argument 'cmake_target_skip_unavailable' from command line to 'False'
[0.175s] Level 5:colcon.colcon_core.verb:set package 'ised7881_service' build argument 'cmake_clean_cache' from command line to 'False'
[0.175s] Level 5:colcon.colcon_core.verb:set package 'ised7881_service' build argument 'cmake_clean_first' from command line to 'False'
[0.175s] Level 5:colcon.colcon_core.verb:set package 'ised7881_service' build argument 'cmake_force_configure' from command line to 'False'
[0.175s] Level 5:colcon.colcon_core.verb:set package 'ised7881_service' build argument 'ament_cmake_args' from command line to 'None'
[0.175s] Level 5:colcon.colcon_core.verb:set package 'ised7881_service' build argument 'catkin_cmake_args' from command line to 'None'
[0.175s] Level 5:colcon.colcon_core.verb:set package 'ised7881_service' build argument 'catkin_skip_building_tests' from command line to 'False'
[0.175s] DEBUG:colcon.colcon_core.verb:Building package 'ised7881_service' with the following arguments: {'ament_cmake_args': None, 'build_base': '/home/isaac/Documents/ROBO_5302/build/ised7881_service', 'catkin_cmake_args': None, 'catkin_skip_building_tests': False, 'cmake_args': None, 'cmake_clean_cache': False, 'cmake_clean_first': False, 'cmake_force_configure': False, 'cmake_target': None, 'cmake_target_skip_unavailable': False, 'install_base': '/home/isaac/Documents/ROBO_5302/install/ised7881_service', 'merge_install': False, 'path': '/home/isaac/Documents/ROBO_5302/ised7881_service', 'symlink_install': False, 'test_result_base': None}
[0.175s] INFO:colcon.colcon_core.executor:Executing jobs using 'parallel' executor
[0.176s] DEBUG:colcon.colcon_parallel_executor.executor.parallel:run_until_complete
[0.176s] INFO:colcon.colcon_ros.task.ament_python.build:Building ROS package in '/home/isaac/Documents/ROBO_5302/ised7881_hw2' with build type 'ament_python'
[0.176s] Level 1:colcon.colcon_core.shell:create_environment_hook('ised7881_hw2', 'ament_prefix_path')
[0.177s] INFO:colcon.colcon_core.plugin_system:Skipping extension 'colcon_core.shell.bat': Not used on non-Windows systems
[0.177s] INFO:colcon.colcon_core.shell:Creating environment hook '/home/isaac/Documents/ROBO_5302/install/ised7881_hw2/share/ised7881_hw2/hook/ament_prefix_path.ps1'
[0.178s] INFO:colcon.colcon_core.shell:Creating environment descriptor '/home/isaac/Documents/ROBO_5302/install/ised7881_hw2/share/ised7881_hw2/hook/ament_prefix_path.dsv'
[0.178s] INFO:colcon.colcon_core.shell:Creating environment hook '/home/isaac/Documents/ROBO_5302/install/ised7881_hw2/share/ised7881_hw2/hook/ament_prefix_path.sh'
[0.178s] INFO:colcon.colcon_core.shell:Skip shell extension 'powershell' for command environment: Not usable outside of PowerShell
[0.178s] DEBUG:colcon.colcon_core.shell:Skip shell extension 'dsv' for command environment
[0.181s] INFO:colcon.colcon_ros.task.ament_cmake.build:Building ROS package in '/home/isaac/Documents/ROBO_5302/ised7881_service' with build type 'ament_cmake'
[0.181s] INFO:colcon.colcon_cmake.task.cmake.build:Building CMake package in '/home/isaac/Documents/ROBO_5302/ised7881_service'
[0.182s] INFO:colcon.colcon_core.shell:Skip shell extension 'powershell' for command environment: Not usable outside of PowerShell
[0.182s] DEBUG:colcon.colcon_core.shell:Skip shell extension 'dsv' for command environment
[0.311s] INFO:colcon.colcon_core.task.python.build:Building Python package in '/home/isaac/Documents/ROBO_5302/ised7881_hw2'
[0.311s] INFO:colcon.colcon_core.shell:Skip shell extension 'powershell' for command environment: Not usable outside of PowerShell
[0.311s] DEBUG:colcon.colcon_core.shell:Skip shell extension 'dsv' for command environment
[0.315s] DEBUG:colcon.colcon_core.event_handler.log_command:Invoking command in '/home/isaac/Documents/ROBO_5302/build/ised7881_service': CMAKE_PREFIX_PATH=${CMAKE_PREFIX_PATH}:/home/isaac/Documents/ROBO_5302/install/ised7881_hw2:/opt/ros/humble /usr/bin/cmake /home/isaac/Documents/ROBO_5302/ised7881_service -DCMAKE_INSTALL_PREFIX=/home/isaac/Documents/ROBO_5302/install/ised7881_service
[0.491s] DEBUG:colcon.colcon_core.event_handler.log_command:Invoking command in '/home/isaac/Documents/ROBO_5302/ised7881_hw2': PYTHONPATH=/home/isaac/Documents/ROBO_5302/build/ised7881_hw2/prefix_override:/usr/lib/python3/dist-packages/colcon_core/task/python/colcon_distutils_commands:/home/isaac/Documents/ROBO_5302/install/ised7881_hw2/lib/python3.10/site-packages:${PYTHONPATH} /usr/bin/python3 -W ignore:setup.py install is deprecated -W ignore:easy_install command is deprecated setup.py egg_info --egg-base ../build/ised7881_hw2 build --build-base /home/isaac/Documents/ROBO_5302/build/ised7881_hw2/build install --record /home/isaac/Documents/ROBO_5302/build/ised7881_hw2/install.log --single-version-externally-managed install_data
[0.628s] DEBUG:colcon.colcon_core.event_handler.log_command:Invoked command in '/home/isaac/Documents/ROBO_5302/ised7881_hw2' returned '0': PYTHONPATH=/home/isaac/Documents/ROBO_5302/build/ised7881_hw2/prefix_override:/usr/lib/python3/dist-packages/colcon_core/task/python/colcon_distutils_commands:/home/isaac/Documents/ROBO_5302/install/ised7881_hw2/lib/python3.10/site-packages:${PYTHONPATH} /usr/bin/python3 -W ignore:setup.py install is deprecated -W ignore:easy_install command is deprecated setup.py egg_info --egg-base ../build/ised7881_hw2 build --build-base /home/isaac/Documents/ROBO_5302/build/ised7881_hw2/build install --record /home/isaac/Documents/ROBO_5302/build/ised7881_hw2/install.log --single-version-externally-managed install_data
[0.629s] Level 1:colcon.colcon_core.environment:checking '/home/isaac/Documents/ROBO_5302/install/ised7881_hw2' for CMake module files
[0.629s] Level 1:colcon.colcon_core.environment:checking '/home/isaac/Documents/ROBO_5302/install/ised7881_hw2' for CMake config files
[0.629s] Level 1:colcon.colcon_core.environment:checking '/home/isaac/Documents/ROBO_5302/install/ised7881_hw2/lib'
[0.630s] Level 1:colcon.colcon_core.environment:checking '/home/isaac/Documents/ROBO_5302/install/ised7881_hw2/bin'
[0.630s] Level 1:colcon.colcon_core.environment:checking '/home/isaac/Documents/ROBO_5302/install/ised7881_hw2/lib/pkgconfig/ised7881_hw2.pc'
[0.630s] Level 1:colcon.colcon_core.environment:checking '/home/isaac/Documents/ROBO_5302/install/ised7881_hw2/lib/python3.10/site-packages'
[0.630s] Level 1:colcon.colcon_core.shell:create_environment_hook('ised7881_hw2', 'pythonpath')
[0.630s] INFO:colcon.colcon_core.shell:Creating environment hook '/home/isaac/Documents/ROBO_5302/install/ised7881_hw2/share/ised7881_hw2/hook/pythonpath.ps1'
[0.630s] INFO:colcon.colcon_core.shell:Creating environment descriptor '/home/isaac/Documents/ROBO_5302/install/ised7881_hw2/share/ised7881_hw2/hook/pythonpath.dsv'
[0.630s] INFO:colcon.colcon_core.shell:Creating environment hook '/home/isaac/Documents/ROBO_5302/install/ised7881_hw2/share/ised7881_hw2/hook/pythonpath.sh'
[0.630s] Level 1:colcon.colcon_core.environment:checking '/home/isaac/Documents/ROBO_5302/install/ised7881_hw2/bin'
[0.630s] Level 1:colcon.colcon_core.environment:create_environment_scripts_only(ised7881_hw2)
[0.630s] INFO:colcon.colcon_core.shell:Creating package script '/home/isaac/Documents/ROBO_5302/install/ised7881_hw2/share/ised7881_hw2/package.ps1'
[0.631s] INFO:colcon.colcon_core.shell:Creating package descriptor '/home/isaac/Documents/ROBO_5302/install/ised7881_hw2/share/ised7881_hw2/package.dsv'
[0.631s] INFO:colcon.colcon_core.shell:Creating package script '/home/isaac/Documents/ROBO_5302/install/ised7881_hw2/share/ised7881_hw2/package.sh'
[0.631s] INFO:colcon.colcon_core.shell:Creating package script '/home/isaac/Documents/ROBO_5302/install/ised7881_hw2/share/ised7881_hw2/package.bash'
[0.632s] INFO:colcon.colcon_core.shell:Creating package script '/home/isaac/Documents/ROBO_5302/install/ised7881_hw2/share/ised7881_hw2/package.zsh'
[0.632s] Level 1:colcon.colcon_core.environment:create_file_with_runtime_dependencies(/home/isaac/Documents/ROBO_5302/install/ised7881_hw2/share/colcon-core/packages/ised7881_hw2)
[1.136s] DEBUG:colcon.colcon_core.event_handler.log_command:Invoked command in '/home/isaac/Documents/ROBO_5302/build/ised7881_service' returned '0': CMAKE_PREFIX_PATH=${CMAKE_PREFIX_PATH}:/home/isaac/Documents/ROBO_5302/install/ised7881_hw2:/opt/ros/humble /usr/bin/cmake /home/isaac/Documents/ROBO_5302/ised7881_service -DCMAKE_INSTALL_PREFIX=/home/isaac/Documents/ROBO_5302/install/ised7881_service
[1.136s] DEBUG:colcon.colcon_core.event_handler.log_command:Invoking command in '/home/isaac/Documents/ROBO_5302/build/ised7881_service': CMAKE_PREFIX_PATH=${CMAKE_PREFIX_PATH}:/home/isaac/Documents/ROBO_5302/install/ised7881_hw2:/opt/ros/humble /usr/bin/cmake --build /home/isaac/Documents/ROBO_5302/build/ised7881_service -- -j4 -l4
[2.341s] DEBUG:colcon.colcon_core.event_handler.log_command:Invoked command in '/home/isaac/Documents/ROBO_5302/build/ised7881_service' returned '0': CMAKE_PREFIX_PATH=${CMAKE_PREFIX_PATH}:/home/isaac/Documents/ROBO_5302/install/ised7881_hw2:/opt/ros/humble /usr/bin/cmake --build /home/isaac/Documents/ROBO_5302/build/ised7881_service -- -j4 -l4
[2.344s] DEBUG:colcon.colcon_core.event_handler.log_command:Invoking command in '/home/isaac/Documents/ROBO_5302/build/ised7881_service': CMAKE_PREFIX_PATH=${CMAKE_PREFIX_PATH}:/home/isaac/Documents/ROBO_5302/install/ised7881_hw2:/opt/ros/humble /usr/bin/cmake --install /home/isaac/Documents/ROBO_5302/build/ised7881_service
[2.379s] Level 1:colcon.colcon_core.environment:create_environment_scripts_only(ised7881_service)
[2.379s] DEBUG:colcon.colcon_core.event_handler.log_command:Invoked command in '/home/isaac/Documents/ROBO_5302/build/ised7881_service' returned '0': CMAKE_PREFIX_PATH=${CMAKE_PREFIX_PATH}:/home/isaac/Documents/ROBO_5302/install/ised7881_hw2:/opt/ros/humble /usr/bin/cmake --install /home/isaac/Documents/ROBO_5302/build/ised7881_service
[2.379s] Level 1:colcon.colcon_core.environment:checking '/home/isaac/Documents/ROBO_5302/install/ised7881_service' for CMake module files
[2.380s] Level 1:colcon.colcon_core.environment:checking '/home/isaac/Documents/ROBO_5302/install/ised7881_service' for CMake config files
[2.380s] Level 1:colcon.colcon_core.shell:create_environment_hook('ised7881_service', 'cmake_prefix_path')
[2.380s] INFO:colcon.colcon_core.shell:Creating environment hook '/home/isaac/Documents/ROBO_5302/install/ised7881_service/share/ised7881_service/hook/cmake_prefix_path.ps1'
[2.380s] INFO:colcon.colcon_core.shell:Creating environment descriptor '/home/isaac/Documents/ROBO_5302/install/ised7881_service/share/ised7881_service/hook/cmake_prefix_path.dsv'
[2.381s] INFO:colcon.colcon_core.shell:Creating environment hook '/home/isaac/Documents/ROBO_5302/install/ised7881_service/share/ised7881_service/hook/cmake_prefix_path.sh'
[2.381s] Level 1:colcon.colcon_core.environment:checking '/home/isaac/Documents/ROBO_5302/install/ised7881_service/lib'
[2.381s] Level 1:colcon.colcon_core.shell:create_environment_hook('ised7881_service', 'ld_library_path_lib')
[2.381s] INFO:colcon.colcon_core.shell:Creating environment hook '/home/isaac/Documents/ROBO_5302/install/ised7881_service/share/ised7881_service/hook/ld_library_path_lib.ps1'
[2.381s] INFO:colcon.colcon_core.shell:Creating environment descriptor '/home/isaac/Documents/ROBO_5302/install/ised7881_service/share/ised7881_service/hook/ld_library_path_lib.dsv'
[2.381s] INFO:colcon.colcon_core.shell:Creating environment hook '/home/isaac/Documents/ROBO_5302/install/ised7881_service/share/ised7881_service/hook/ld_library_path_lib.sh'
[2.381s] Level 1:colcon.colcon_core.environment:checking '/home/isaac/Documents/ROBO_5302/install/ised7881_service/bin'
[2.381s] Level 1:colcon.colcon_core.environment:checking '/home/isaac/Documents/ROBO_5302/install/ised7881_service/lib/pkgconfig/ised7881_service.pc'
[2.381s] Level 1:colcon.colcon_core.environment:checking '/home/isaac/Documents/ROBO_5302/install/ised7881_service/lib/python3.10/site-packages'
[2.381s] Level 1:colcon.colcon_core.environment:checking '/home/isaac/Documents/ROBO_5302/install/ised7881_service/bin'
[2.382s] INFO:colcon.colcon_core.shell:Creating package script '/home/isaac/Documents/ROBO_5302/install/ised7881_service/share/ised7881_service/package.ps1'
[2.382s] INFO:colcon.colcon_core.shell:Creating package descriptor '/home/isaac/Documents/ROBO_5302/install/ised7881_service/share/ised7881_service/package.dsv'
[2.382s] INFO:colcon.colcon_core.shell:Creating package script '/home/isaac/Documents/ROBO_5302/install/ised7881_service/share/ised7881_service/package.sh'
[2.382s] INFO:colcon.colcon_core.shell:Creating package script '/home/isaac/Documents/ROBO_5302/install/ised7881_service/share/ised7881_service/package.bash'
[2.382s] INFO:colcon.colcon_core.shell:Creating package script '/home/isaac/Documents/ROBO_5302/install/ised7881_service/share/ised7881_service/package.zsh'
[2.382s] Level 1:colcon.colcon_core.environment:create_file_with_runtime_dependencies(/home/isaac/Documents/ROBO_5302/install/ised7881_service/share/colcon-core/packages/ised7881_service)
[2.383s] Level 1:colcon.colcon_core.environment:create_environment_scripts_only(ised7881_service)
[2.383s] Level 1:colcon.colcon_core.environment:checking '/home/isaac/Documents/ROBO_5302/install/ised7881_service' for CMake module files
[2.383s] Level 1:colcon.colcon_core.environment:checking '/home/isaac/Documents/ROBO_5302/install/ised7881_service' for CMake config files
[2.383s] Level 1:colcon.colcon_core.shell:create_environment_hook('ised7881_service', 'cmake_prefix_path')
[2.383s] INFO:colcon.colcon_core.shell:Creating environment hook '/home/isaac/Documents/ROBO_5302/install/ised7881_service/share/ised7881_service/hook/cmake_prefix_path.ps1'
[2.383s] INFO:colcon.colcon_core.shell:Creating environment descriptor '/home/isaac/Documents/ROBO_5302/install/ised7881_service/share/ised7881_service/hook/cmake_prefix_path.dsv'
[2.384s] INFO:colcon.colcon_core.shell:Creating environment hook '/home/isaac/Documents/ROBO_5302/install/ised7881_service/share/ised7881_service/hook/cmake_prefix_path.sh'
[2.384s] Level 1:colcon.colcon_core.environment:checking '/home/isaac/Documents/ROBO_5302/install/ised7881_service/lib'
[2.384s] Level 1:colcon.colcon_core.shell:create_environment_hook('ised7881_service', 'ld_library_path_lib')
[2.384s] INFO:colcon.colcon_core.shell:Creating environment hook '/home/isaac/Documents/ROBO_5302/install/ised7881_service/share/ised7881_service/hook/ld_library_path_lib.ps1'
[2.384s] INFO:colcon.colcon_core.shell:Creating environment descriptor '/home/isaac/Documents/ROBO_5302/install/ised7881_service/share/ised7881_service/hook/ld_library_path_lib.dsv'
[2.384s] INFO:colcon.colcon_core.shell:Creating environment hook '/home/isaac/Documents/ROBO_5302/install/ised7881_service/share/ised7881_service/hook/ld_library_path_lib.sh'
[2.385s] Level 1:colcon.colcon_core.environment:checking '/home/isaac/Documents/ROBO_5302/install/ised7881_service/bin'
[2.385s] Level 1:colcon.colcon_core.environment:checking '/home/isaac/Documents/ROBO_5302/install/ised7881_service/lib/pkgconfig/ised7881_service.pc'
[2.385s] Level 1:colcon.colcon_core.environment:checking '/home/isaac/Documents/ROBO_5302/install/ised7881_service/lib/python3.10/site-packages'
[2.385s] Level 1:colcon.colcon_core.environment:checking '/home/isaac/Documents/ROBO_5302/install/ised7881_service/bin'
[2.385s] INFO:colcon.colcon_core.shell:Creating package script '/home/isaac/Documents/ROBO_5302/install/ised7881_service/share/ised7881_service/package.ps1'
[2.385s] INFO:colcon.colcon_core.shell:Creating package descriptor '/home/isaac/Documents/ROBO_5302/install/ised7881_service/share/ised7881_service/package.dsv'
[2.386s] INFO:colcon.colcon_core.shell:Creating package script '/home/isaac/Documents/ROBO_5302/install/ised7881_service/share/ised7881_service/package.sh'
[2.386s] INFO:colcon.colcon_core.shell:Creating package script '/home/isaac/Documents/ROBO_5302/install/ised7881_service/share/ised7881_service/package.bash'
[2.386s] INFO:colcon.colcon_core.shell:Creating package script '/home/isaac/Documents/ROBO_5302/install/ised7881_service/share/ised7881_service/package.zsh'
[2.386s] Level 1:colcon.colcon_core.environment:create_file_with_runtime_dependencies(/home/isaac/Documents/ROBO_5302/install/ised7881_service/share/colcon-core/packages/ised7881_service)
[2.386s] DEBUG:colcon.colcon_parallel_executor.executor.parallel:closing loop
[2.387s] DEBUG:colcon.colcon_parallel_executor.executor.parallel:loop closed
[2.387s] DEBUG:colcon.colcon_parallel_executor.executor.parallel:run_until_complete finished with '0'
[2.387s] DEBUG:colcon.colcon_core.event_reactor:joining thread
[2.390s] INFO:colcon.colcon_core.plugin_system:Skipping extension 'colcon_notification.desktop_notification.terminal_notifier': Not used on non-Darwin systems
[2.390s] INFO:colcon.colcon_core.plugin_system:Skipping extension 'colcon_notification.desktop_notification.win32': Not used on non-Windows systems
[2.390s] INFO:colcon.colcon_notification.desktop_notification:Sending desktop notification using 'notify2'
[2.407s] DEBUG:colcon.colcon_core.event_reactor:joined thread
[2.407s] INFO:colcon.colcon_core.shell:Creating prefix script '/home/isaac/Documents/ROBO_5302/install/local_setup.ps1'
[2.408s] INFO:colcon.colcon_core.shell:Creating prefix util module '/home/isaac/Documents/ROBO_5302/install/_local_setup_util_ps1.py'
[2.408s] INFO:colcon.colcon_core.shell:Creating prefix chain script '/home/isaac/Documents/ROBO_5302/install/setup.ps1'
[2.409s] INFO:colcon.colcon_core.shell:Creating prefix script '/home/isaac/Documents/ROBO_5302/install/local_setup.sh'
[2.409s] INFO:colcon.colcon_core.shell:Creating prefix util module '/home/isaac/Documents/ROBO_5302/install/_local_setup_util_sh.py'
[2.409s] INFO:colcon.colcon_core.shell:Creating prefix chain script '/home/isaac/Documents/ROBO_5302/install/setup.sh'
[2.410s] INFO:colcon.colcon_core.shell:Creating prefix script '/home/isaac/Documents/ROBO_5302/install/local_setup.bash'
[2.410s] INFO:colcon.colcon_core.shell:Creating prefix chain script '/home/isaac/Documents/ROBO_5302/install/setup.bash'
[2.410s] INFO:colcon.colcon_core.shell:Creating prefix script '/home/isaac/Documents/ROBO_5302/install/local_setup.zsh'
[2.411s] INFO:colcon.colcon_core.shell:Creating prefix chain script '/home/isaac/Documents/ROBO_5302/install/setup.zsh'
